<?xml version="1.0" encoding="UTF-8"?>
<testsuite xmlns:xsi="http://www.w3.org/2001/XMLSchema-instance" xsi:noNamespaceSchemaLocation="https://maven.apache.org/surefire/maven-surefire-plugin/xsd/surefire-test-report.xsd" name="com.keysoft.bucktrackerjpa.controller.TrackzillaControllerTest" time="2.597" tests="5" errors="0" skipped="0" failures="4">
  <properties>
    <property name="sun.desktop" value="windows"/>
    <property name="awt.toolkit" value="sun.awt.windows.WToolkit"/>
    <property name="file.encoding.pkg" value="sun.io"/>
    <property name="java.specification.version" value="1.8"/>
    <property name="sun.cpu.isalist" value="amd64"/>
    <property name="sun.jnu.encoding" value="Cp1252"/>
    <property name="java.class.path" value="C:\Niket\Java material\Spring- Boot\projects\REST_Demo\begin\target\test-classes;C:\Niket\Java material\Spring- Boot\projects\REST_Demo\begin\target\classes;C:\Users\niketk\.m2\repository\org\springframework\boot\spring-boot-starter-web\2.0.1.RELEASE\spring-boot-starter-web-2.0.1.RELEASE.jar;C:\Users\niketk\.m2\repository\org\springframework\boot\spring-boot-starter\2.0.1.RELEASE\spring-boot-starter-2.0.1.RELEASE.jar;C:\Users\niketk\.m2\repository\org\springframework\boot\spring-boot\2.0.1.RELEASE\spring-boot-2.0.1.RELEASE.jar;C:\Users\niketk\.m2\repository\org\springframework\boot\spring-boot-autoconfigure\2.0.1.RELEASE\spring-boot-autoconfigure-2.0.1.RELEASE.jar;C:\Users\niketk\.m2\repository\org\springframework\boot\spring-boot-starter-logging\2.0.1.RELEASE\spring-boot-starter-logging-2.0.1.RELEASE.jar;C:\Users\niketk\.m2\repository\ch\qos\logback\logback-classic\1.2.3\logback-classic-1.2.3.jar;C:\Users\niketk\.m2\repository\ch\qos\logback\logback-core\1.2.3\logback-core-1.2.3.jar;C:\Users\niketk\.m2\repository\org\apache\logging\log4j\log4j-to-slf4j\2.10.0\log4j-to-slf4j-2.10.0.jar;C:\Users\niketk\.m2\repository\org\apache\logging\log4j\log4j-api\2.10.0\log4j-api-2.10.0.jar;C:\Users\niketk\.m2\repository\org\slf4j\jul-to-slf4j\1.7.25\jul-to-slf4j-1.7.25.jar;C:\Users\niketk\.m2\repository\javax\annotation\javax.annotation-api\1.3.2\javax.annotation-api-1.3.2.jar;C:\Users\niketk\.m2\repository\org\yaml\snakeyaml\1.19\snakeyaml-1.19.jar;C:\Users\niketk\.m2\repository\org\springframework\boot\spring-boot-starter-json\2.0.1.RELEASE\spring-boot-starter-json-2.0.1.RELEASE.jar;C:\Users\niketk\.m2\repository\org\springframework\boot\spring-boot-starter-tomcat\2.0.1.RELEASE\spring-boot-starter-tomcat-2.0.1.RELEASE.jar;C:\Users\niketk\.m2\repository\org\apache\tomcat\embed\tomcat-embed-core\8.5.29\tomcat-embed-core-8.5.29.jar;C:\Users\niketk\.m2\repository\org\apache\tomcat\embed\tomcat-embed-el\8.5.29\tomcat-embed-el-8.5.29.jar;C:\Users\niketk\.m2\repository\org\apache\tomcat\embed\tomcat-embed-websocket\8.5.29\tomcat-embed-websocket-8.5.29.jar;C:\Users\niketk\.m2\repository\org\hibernate\validator\hibernate-validator\6.0.9.Final\hibernate-validator-6.0.9.Final.jar;C:\Users\niketk\.m2\repository\javax\validation\validation-api\2.0.1.Final\validation-api-2.0.1.Final.jar;C:\Users\niketk\.m2\repository\com\fasterxml\classmate\1.3.4\classmate-1.3.4.jar;C:\Users\niketk\.m2\repository\org\springframework\spring-web\5.0.5.RELEASE\spring-web-5.0.5.RELEASE.jar;C:\Users\niketk\.m2\repository\org\springframework\spring-beans\5.0.5.RELEASE\spring-beans-5.0.5.RELEASE.jar;C:\Users\niketk\.m2\repository\org\springframework\spring-webmvc\5.0.5.RELEASE\spring-webmvc-5.0.5.RELEASE.jar;C:\Users\niketk\.m2\repository\org\springframework\spring-aop\5.0.5.RELEASE\spring-aop-5.0.5.RELEASE.jar;C:\Users\niketk\.m2\repository\org\springframework\spring-context\5.0.5.RELEASE\spring-context-5.0.5.RELEASE.jar;C:\Users\niketk\.m2\repository\org\springframework\spring-expression\5.0.5.RELEASE\spring-expression-5.0.5.RELEASE.jar;C:\Users\niketk\.m2\repository\org\springframework\boot\spring-boot-starter-test\2.0.1.RELEASE\spring-boot-starter-test-2.0.1.RELEASE.jar;C:\Users\niketk\.m2\repository\org\springframework\boot\spring-boot-test\2.0.1.RELEASE\spring-boot-test-2.0.1.RELEASE.jar;C:\Users\niketk\.m2\repository\org\springframework\boot\spring-boot-test-autoconfigure\2.0.1.RELEASE\spring-boot-test-autoconfigure-2.0.1.RELEASE.jar;C:\Users\niketk\.m2\repository\com\jayway\jsonpath\json-path\2.4.0\json-path-2.4.0.jar;C:\Users\niketk\.m2\repository\net\minidev\json-smart\2.3\json-smart-2.3.jar;C:\Users\niketk\.m2\repository\net\minidev\accessors-smart\1.2\accessors-smart-1.2.jar;C:\Users\niketk\.m2\repository\org\ow2\asm\asm\5.0.4\asm-5.0.4.jar;C:\Users\niketk\.m2\repository\org\slf4j\slf4j-api\1.7.25\slf4j-api-1.7.25.jar;C:\Users\niketk\.m2\repository\junit\junit\4.12\junit-4.12.jar;C:\Users\niketk\.m2\repository\org\assertj\assertj-core\3.9.1\assertj-core-3.9.1.jar;C:\Users\niketk\.m2\repository\org\mockito\mockito-core\2.15.0\mockito-core-2.15.0.jar;C:\Users\niketk\.m2\repository\net\bytebuddy\byte-buddy-agent\1.7.11\byte-buddy-agent-1.7.11.jar;C:\Users\niketk\.m2\repository\org\objenesis\objenesis\2.6\objenesis-2.6.jar;C:\Users\niketk\.m2\repository\org\hamcrest\hamcrest-core\1.3\hamcrest-core-1.3.jar;C:\Users\niketk\.m2\repository\org\hamcrest\hamcrest-library\1.3\hamcrest-library-1.3.jar;C:\Users\niketk\.m2\repository\org\skyscreamer\jsonassert\1.5.0\jsonassert-1.5.0.jar;C:\Users\niketk\.m2\repository\com\vaadin\external\google\android-json\0.0.20131108.vaadin1\android-json-0.0.20131108.vaadin1.jar;C:\Users\niketk\.m2\repository\org\springframework\spring-core\5.0.5.RELEASE\spring-core-5.0.5.RELEASE.jar;C:\Users\niketk\.m2\repository\org\springframework\spring-jcl\5.0.5.RELEASE\spring-jcl-5.0.5.RELEASE.jar;C:\Users\niketk\.m2\repository\org\springframework\spring-test\5.0.5.RELEASE\spring-test-5.0.5.RELEASE.jar;C:\Users\niketk\.m2\repository\org\xmlunit\xmlunit-core\2.5.1\xmlunit-core-2.5.1.jar;C:\Users\niketk\.m2\repository\com\h2database\h2\1.4.197\h2-1.4.197.jar;C:\Users\niketk\.m2\repository\org\springframework\boot\spring-boot-starter-data-jpa\2.0.1.RELEASE\spring-boot-starter-data-jpa-2.0.1.RELEASE.jar;C:\Users\niketk\.m2\repository\org\springframework\boot\spring-boot-starter-aop\2.0.1.RELEASE\spring-boot-starter-aop-2.0.1.RELEASE.jar;C:\Users\niketk\.m2\repository\org\aspectj\aspectjweaver\1.8.13\aspectjweaver-1.8.13.jar;C:\Users\niketk\.m2\repository\org\springframework\boot\spring-boot-starter-jdbc\2.0.1.RELEASE\spring-boot-starter-jdbc-2.0.1.RELEASE.jar;C:\Users\niketk\.m2\repository\com\zaxxer\HikariCP\2.7.8\HikariCP-2.7.8.jar;C:\Users\niketk\.m2\repository\org\springframework\spring-jdbc\5.0.5.RELEASE\spring-jdbc-5.0.5.RELEASE.jar;C:\Users\niketk\.m2\repository\org\hibernate\hibernate-core\5.2.16.Final\hibernate-core-5.2.16.Final.jar;C:\Users\niketk\.m2\repository\antlr\antlr\2.7.7\antlr-2.7.7.jar;C:\Users\niketk\.m2\repository\org\jboss\jandex\2.0.3.Final\jandex-2.0.3.Final.jar;C:\Users\niketk\.m2\repository\javax\transaction\javax.transaction-api\1.2\javax.transaction-api-1.2.jar;C:\Users\niketk\.m2\repository\org\springframework\data\spring-data-jpa\2.0.6.RELEASE\spring-data-jpa-2.0.6.RELEASE.jar;C:\Users\niketk\.m2\repository\org\springframework\data\spring-data-commons\2.0.6.RELEASE\spring-data-commons-2.0.6.RELEASE.jar;C:\Users\niketk\.m2\repository\org\springframework\spring-orm\5.0.5.RELEASE\spring-orm-5.0.5.RELEASE.jar;C:\Users\niketk\.m2\repository\org\springframework\spring-tx\5.0.5.RELEASE\spring-tx-5.0.5.RELEASE.jar;C:\Users\niketk\.m2\repository\org\springframework\spring-aspects\5.0.5.RELEASE\spring-aspects-5.0.5.RELEASE.jar;C:\Users\niketk\.m2\repository\org\hibernate\hibernate-entitymanager\5.2.16.Final\hibernate-entitymanager-5.2.16.Final.jar;C:\Users\niketk\.m2\repository\org\jboss\logging\jboss-logging\3.3.2.Final\jboss-logging-3.3.2.Final.jar;C:\Users\niketk\.m2\repository\dom4j\dom4j\1.6.1\dom4j-1.6.1.jar;C:\Users\niketk\.m2\repository\org\hibernate\common\hibernate-commons-annotations\5.0.1.Final\hibernate-commons-annotations-5.0.1.Final.jar;C:\Users\niketk\.m2\repository\org\hibernate\javax\persistence\hibernate-jpa-2.1-api\1.0.0.Final\hibernate-jpa-2.1-api-1.0.0.Final.jar;C:\Users\niketk\.m2\repository\org\javassist\javassist\3.22.0-GA\javassist-3.22.0-GA.jar;C:\Users\niketk\.m2\repository\net\bytebuddy\byte-buddy\1.7.11\byte-buddy-1.7.11.jar;C:\Users\niketk\.m2\repository\org\jboss\spec\javax\transaction\jboss-transaction-api_1.2_spec\1.0.1.Final\jboss-transaction-api_1.2_spec-1.0.1.Final.jar;C:\Users\niketk\.m2\repository\javax\xml\bind\jaxb-api\2.3.0\jaxb-api-2.3.0.jar;C:\Users\niketk\.m2\repository\org\apache\commons\commons-lang3\3.4\commons-lang3-3.4.jar;C:\Users\niketk\.m2\repository\com\fasterxml\jackson\module\jackson-module-parameter-names\2.9.5\jackson-module-parameter-names-2.9.5.jar;C:\Users\niketk\.m2\repository\com\fasterxml\jackson\core\jackson-core\2.9.5\jackson-core-2.9.5.jar;C:\Users\niketk\.m2\repository\com\fasterxml\jackson\core\jackson-databind\2.9.5\jackson-databind-2.9.5.jar;C:\Users\niketk\.m2\repository\com\fasterxml\jackson\datatype\jackson-datatype-jdk8\2.9.5\jackson-datatype-jdk8-2.9.5.jar;C:\Users\niketk\.m2\repository\com\fasterxml\jackson\datatype\jackson-datatype-jsr310\2.9.5\jackson-datatype-jsr310-2.9.5.jar;C:\Users\niketk\.m2\repository\com\fasterxml\jackson\core\jackson-annotations\2.9.0\jackson-annotations-2.9.0.jar;"/>
    <property name="java.vm.vendor" value="Oracle Corporation"/>
    <property name="sun.arch.data.model" value="64"/>
    <property name="user.variant" value=""/>
    <property name="java.vendor.url" value="http://java.oracle.com/"/>
    <property name="user.timezone" value=""/>
    <property name="java.vm.specification.version" value="1.8"/>
    <property name="os.name" value="Windows 8.1"/>
    <property name="user.country" value="US"/>
    <property name="sun.java.launcher" value="SUN_STANDARD"/>
    <property name="sun.boot.library.path" value="C:\Java\jdk1.8.0_121\jre\bin"/>
    <property name="sun.java.command" value="C:\Users\niketk\AppData\Local\Temp\surefire8040871085301395605\surefirebooter7709713609280226450.jar C:\Users\niketk\AppData\Local\Temp\surefire8040871085301395605 2019-09-20T11-22-40_692-jvmRun1 surefire3132849239763668806tmp surefire_03422799800748455686tmp"/>
    <property name="surefire.test.class.path" value="C:\Niket\Java material\Spring- Boot\projects\REST_Demo\begin\target\test-classes;C:\Niket\Java material\Spring- Boot\projects\REST_Demo\begin\target\classes;C:\Users\niketk\.m2\repository\org\springframework\boot\spring-boot-starter-web\2.0.1.RELEASE\spring-boot-starter-web-2.0.1.RELEASE.jar;C:\Users\niketk\.m2\repository\org\springframework\boot\spring-boot-starter\2.0.1.RELEASE\spring-boot-starter-2.0.1.RELEASE.jar;C:\Users\niketk\.m2\repository\org\springframework\boot\spring-boot\2.0.1.RELEASE\spring-boot-2.0.1.RELEASE.jar;C:\Users\niketk\.m2\repository\org\springframework\boot\spring-boot-autoconfigure\2.0.1.RELEASE\spring-boot-autoconfigure-2.0.1.RELEASE.jar;C:\Users\niketk\.m2\repository\org\springframework\boot\spring-boot-starter-logging\2.0.1.RELEASE\spring-boot-starter-logging-2.0.1.RELEASE.jar;C:\Users\niketk\.m2\repository\ch\qos\logback\logback-classic\1.2.3\logback-classic-1.2.3.jar;C:\Users\niketk\.m2\repository\ch\qos\logback\logback-core\1.2.3\logback-core-1.2.3.jar;C:\Users\niketk\.m2\repository\org\apache\logging\log4j\log4j-to-slf4j\2.10.0\log4j-to-slf4j-2.10.0.jar;C:\Users\niketk\.m2\repository\org\apache\logging\log4j\log4j-api\2.10.0\log4j-api-2.10.0.jar;C:\Users\niketk\.m2\repository\org\slf4j\jul-to-slf4j\1.7.25\jul-to-slf4j-1.7.25.jar;C:\Users\niketk\.m2\repository\javax\annotation\javax.annotation-api\1.3.2\javax.annotation-api-1.3.2.jar;C:\Users\niketk\.m2\repository\org\yaml\snakeyaml\1.19\snakeyaml-1.19.jar;C:\Users\niketk\.m2\repository\org\springframework\boot\spring-boot-starter-json\2.0.1.RELEASE\spring-boot-starter-json-2.0.1.RELEASE.jar;C:\Users\niketk\.m2\repository\org\springframework\boot\spring-boot-starter-tomcat\2.0.1.RELEASE\spring-boot-starter-tomcat-2.0.1.RELEASE.jar;C:\Users\niketk\.m2\repository\org\apache\tomcat\embed\tomcat-embed-core\8.5.29\tomcat-embed-core-8.5.29.jar;C:\Users\niketk\.m2\repository\org\apache\tomcat\embed\tomcat-embed-el\8.5.29\tomcat-embed-el-8.5.29.jar;C:\Users\niketk\.m2\repository\org\apache\tomcat\embed\tomcat-embed-websocket\8.5.29\tomcat-embed-websocket-8.5.29.jar;C:\Users\niketk\.m2\repository\org\hibernate\validator\hibernate-validator\6.0.9.Final\hibernate-validator-6.0.9.Final.jar;C:\Users\niketk\.m2\repository\javax\validation\validation-api\2.0.1.Final\validation-api-2.0.1.Final.jar;C:\Users\niketk\.m2\repository\com\fasterxml\classmate\1.3.4\classmate-1.3.4.jar;C:\Users\niketk\.m2\repository\org\springframework\spring-web\5.0.5.RELEASE\spring-web-5.0.5.RELEASE.jar;C:\Users\niketk\.m2\repository\org\springframework\spring-beans\5.0.5.RELEASE\spring-beans-5.0.5.RELEASE.jar;C:\Users\niketk\.m2\repository\org\springframework\spring-webmvc\5.0.5.RELEASE\spring-webmvc-5.0.5.RELEASE.jar;C:\Users\niketk\.m2\repository\org\springframework\spring-aop\5.0.5.RELEASE\spring-aop-5.0.5.RELEASE.jar;C:\Users\niketk\.m2\repository\org\springframework\spring-context\5.0.5.RELEASE\spring-context-5.0.5.RELEASE.jar;C:\Users\niketk\.m2\repository\org\springframework\spring-expression\5.0.5.RELEASE\spring-expression-5.0.5.RELEASE.jar;C:\Users\niketk\.m2\repository\org\springframework\boot\spring-boot-starter-test\2.0.1.RELEASE\spring-boot-starter-test-2.0.1.RELEASE.jar;C:\Users\niketk\.m2\repository\org\springframework\boot\spring-boot-test\2.0.1.RELEASE\spring-boot-test-2.0.1.RELEASE.jar;C:\Users\niketk\.m2\repository\org\springframework\boot\spring-boot-test-autoconfigure\2.0.1.RELEASE\spring-boot-test-autoconfigure-2.0.1.RELEASE.jar;C:\Users\niketk\.m2\repository\com\jayway\jsonpath\json-path\2.4.0\json-path-2.4.0.jar;C:\Users\niketk\.m2\repository\net\minidev\json-smart\2.3\json-smart-2.3.jar;C:\Users\niketk\.m2\repository\net\minidev\accessors-smart\1.2\accessors-smart-1.2.jar;C:\Users\niketk\.m2\repository\org\ow2\asm\asm\5.0.4\asm-5.0.4.jar;C:\Users\niketk\.m2\repository\org\slf4j\slf4j-api\1.7.25\slf4j-api-1.7.25.jar;C:\Users\niketk\.m2\repository\junit\junit\4.12\junit-4.12.jar;C:\Users\niketk\.m2\repository\org\assertj\assertj-core\3.9.1\assertj-core-3.9.1.jar;C:\Users\niketk\.m2\repository\org\mockito\mockito-core\2.15.0\mockito-core-2.15.0.jar;C:\Users\niketk\.m2\repository\net\bytebuddy\byte-buddy-agent\1.7.11\byte-buddy-agent-1.7.11.jar;C:\Users\niketk\.m2\repository\org\objenesis\objenesis\2.6\objenesis-2.6.jar;C:\Users\niketk\.m2\repository\org\hamcrest\hamcrest-core\1.3\hamcrest-core-1.3.jar;C:\Users\niketk\.m2\repository\org\hamcrest\hamcrest-library\1.3\hamcrest-library-1.3.jar;C:\Users\niketk\.m2\repository\org\skyscreamer\jsonassert\1.5.0\jsonassert-1.5.0.jar;C:\Users\niketk\.m2\repository\com\vaadin\external\google\android-json\0.0.20131108.vaadin1\android-json-0.0.20131108.vaadin1.jar;C:\Users\niketk\.m2\repository\org\springframework\spring-core\5.0.5.RELEASE\spring-core-5.0.5.RELEASE.jar;C:\Users\niketk\.m2\repository\org\springframework\spring-jcl\5.0.5.RELEASE\spring-jcl-5.0.5.RELEASE.jar;C:\Users\niketk\.m2\repository\org\springframework\spring-test\5.0.5.RELEASE\spring-test-5.0.5.RELEASE.jar;C:\Users\niketk\.m2\repository\org\xmlunit\xmlunit-core\2.5.1\xmlunit-core-2.5.1.jar;C:\Users\niketk\.m2\repository\com\h2database\h2\1.4.197\h2-1.4.197.jar;C:\Users\niketk\.m2\repository\org\springframework\boot\spring-boot-starter-data-jpa\2.0.1.RELEASE\spring-boot-starter-data-jpa-2.0.1.RELEASE.jar;C:\Users\niketk\.m2\repository\org\springframework\boot\spring-boot-starter-aop\2.0.1.RELEASE\spring-boot-starter-aop-2.0.1.RELEASE.jar;C:\Users\niketk\.m2\repository\org\aspectj\aspectjweaver\1.8.13\aspectjweaver-1.8.13.jar;C:\Users\niketk\.m2\repository\org\springframework\boot\spring-boot-starter-jdbc\2.0.1.RELEASE\spring-boot-starter-jdbc-2.0.1.RELEASE.jar;C:\Users\niketk\.m2\repository\com\zaxxer\HikariCP\2.7.8\HikariCP-2.7.8.jar;C:\Users\niketk\.m2\repository\org\springframework\spring-jdbc\5.0.5.RELEASE\spring-jdbc-5.0.5.RELEASE.jar;C:\Users\niketk\.m2\repository\org\hibernate\hibernate-core\5.2.16.Final\hibernate-core-5.2.16.Final.jar;C:\Users\niketk\.m2\repository\antlr\antlr\2.7.7\antlr-2.7.7.jar;C:\Users\niketk\.m2\repository\org\jboss\jandex\2.0.3.Final\jandex-2.0.3.Final.jar;C:\Users\niketk\.m2\repository\javax\transaction\javax.transaction-api\1.2\javax.transaction-api-1.2.jar;C:\Users\niketk\.m2\repository\org\springframework\data\spring-data-jpa\2.0.6.RELEASE\spring-data-jpa-2.0.6.RELEASE.jar;C:\Users\niketk\.m2\repository\org\springframework\data\spring-data-commons\2.0.6.RELEASE\spring-data-commons-2.0.6.RELEASE.jar;C:\Users\niketk\.m2\repository\org\springframework\spring-orm\5.0.5.RELEASE\spring-orm-5.0.5.RELEASE.jar;C:\Users\niketk\.m2\repository\org\springframework\spring-tx\5.0.5.RELEASE\spring-tx-5.0.5.RELEASE.jar;C:\Users\niketk\.m2\repository\org\springframework\spring-aspects\5.0.5.RELEASE\spring-aspects-5.0.5.RELEASE.jar;C:\Users\niketk\.m2\repository\org\hibernate\hibernate-entitymanager\5.2.16.Final\hibernate-entitymanager-5.2.16.Final.jar;C:\Users\niketk\.m2\repository\org\jboss\logging\jboss-logging\3.3.2.Final\jboss-logging-3.3.2.Final.jar;C:\Users\niketk\.m2\repository\dom4j\dom4j\1.6.1\dom4j-1.6.1.jar;C:\Users\niketk\.m2\repository\org\hibernate\common\hibernate-commons-annotations\5.0.1.Final\hibernate-commons-annotations-5.0.1.Final.jar;C:\Users\niketk\.m2\repository\org\hibernate\javax\persistence\hibernate-jpa-2.1-api\1.0.0.Final\hibernate-jpa-2.1-api-1.0.0.Final.jar;C:\Users\niketk\.m2\repository\org\javassist\javassist\3.22.0-GA\javassist-3.22.0-GA.jar;C:\Users\niketk\.m2\repository\net\bytebuddy\byte-buddy\1.7.11\byte-buddy-1.7.11.jar;C:\Users\niketk\.m2\repository\org\jboss\spec\javax\transaction\jboss-transaction-api_1.2_spec\1.0.1.Final\jboss-transaction-api_1.2_spec-1.0.1.Final.jar;C:\Users\niketk\.m2\repository\javax\xml\bind\jaxb-api\2.3.0\jaxb-api-2.3.0.jar;C:\Users\niketk\.m2\repository\org\apache\commons\commons-lang3\3.4\commons-lang3-3.4.jar;C:\Users\niketk\.m2\repository\com\fasterxml\jackson\module\jackson-module-parameter-names\2.9.5\jackson-module-parameter-names-2.9.5.jar;C:\Users\niketk\.m2\repository\com\fasterxml\jackson\core\jackson-core\2.9.5\jackson-core-2.9.5.jar;C:\Users\niketk\.m2\repository\com\fasterxml\jackson\core\jackson-databind\2.9.5\jackson-databind-2.9.5.jar;C:\Users\niketk\.m2\repository\com\fasterxml\jackson\datatype\jackson-datatype-jdk8\2.9.5\jackson-datatype-jdk8-2.9.5.jar;C:\Users\niketk\.m2\repository\com\fasterxml\jackson\datatype\jackson-datatype-jsr310\2.9.5\jackson-datatype-jsr310-2.9.5.jar;C:\Users\niketk\.m2\repository\com\fasterxml\jackson\core\jackson-annotations\2.9.0\jackson-annotations-2.9.0.jar;"/>
    <property name="sun.cpu.endian" value="little"/>
    <property name="user.home" value="C:\Users\niketk"/>
    <property name="user.language" value="en"/>
    <property name="java.specification.vendor" value="Oracle Corporation"/>
    <property name="java.home" value="C:\Java\jdk1.8.0_121\jre"/>
    <property name="basedir" value="C:\Niket\Java material\Spring- Boot\projects\REST_Demo\begin"/>
    <property name="file.separator" value="\"/>
    <property name="line.separator" value="&#10;"/>
    <property name="java.vm.specification.vendor" value="Oracle Corporation"/>
    <property name="java.specification.name" value="Java Platform API Specification"/>
    <property name="java.awt.graphicsenv" value="sun.awt.Win32GraphicsEnvironment"/>
    <property name="surefire.real.class.path" value="C:\Users\niketk\AppData\Local\Temp\surefire8040871085301395605\surefirebooter7709713609280226450.jar"/>
    <property name="sun.boot.class.path" value="C:\Java\jdk1.8.0_121\jre\lib\resources.jar;C:\Java\jdk1.8.0_121\jre\lib\rt.jar;C:\Java\jdk1.8.0_121\jre\lib\sunrsasign.jar;C:\Java\jdk1.8.0_121\jre\lib\jsse.jar;C:\Java\jdk1.8.0_121\jre\lib\jce.jar;C:\Java\jdk1.8.0_121\jre\lib\charsets.jar;C:\Java\jdk1.8.0_121\jre\lib\jfr.jar;C:\Java\jdk1.8.0_121\jre\classes"/>
    <property name="user.script" value=""/>
    <property name="sun.management.compiler" value="HotSpot 64-Bit Tiered Compilers"/>
    <property name="java.runtime.version" value="1.8.0_121-b13"/>
    <property name="user.name" value="niketk"/>
    <property name="path.separator" value=";"/>
    <property name="os.version" value="6.3"/>
    <property name="java.endorsed.dirs" value="C:\Java\jdk1.8.0_121\jre\lib\endorsed"/>
    <property name="java.runtime.name" value="Java(TM) SE Runtime Environment"/>
    <property name="file.encoding" value="Cp1252"/>
    <property name="java.vm.name" value="Java HotSpot(TM) 64-Bit Server VM"/>
    <property name="localRepository" value="C:\Users\niketk\.m2\repository"/>
    <property name="java.vendor.url.bug" value="http://bugreport.sun.com/bugreport/"/>
    <property name="java.io.tmpdir" value="C:\Users\niketk\AppData\Local\Temp\"/>
    <property name="java.version" value="1.8.0_121"/>
    <property name="user.dir" value="C:\Niket\Java material\Spring- Boot\projects\REST_Demo\begin"/>
    <property name="os.arch" value="amd64"/>
    <property name="java.vm.specification.name" value="Java Virtual Machine Specification"/>
    <property name="java.awt.printerjob" value="sun.awt.windows.WPrinterJob"/>
    <property name="sun.os.patch.level" value=""/>
    <property name="java.library.path" value="C:\Java\jdk1.8.0_121\jre\bin;C:\windows\Sun\Java\bin;C:\windows\system32;C:\windows;C:/Java/jdk1.8.0_121/jre/bin/server;C:/Java/jdk1.8.0_121/jre/bin;C:/Java/jdk1.8.0_121/jre/lib/amd64;C:\Java\jdk1.8.0_121\bin;C:\Niket\software\groovy-2.4.9\bin;C:\Program Files\nodejs;C:\Niket\software\grails-3.3.2\bin;C:\Oracle\sqlplus;C:\Niket\software\apache-ant-1.7.1\bin;C:\Niket\software\OpenSSL\bin;C:\Niket\software\apache-tomcat-8.0.43\bin;C:\Oracle\connection;C:\Users\niketk\AppData\Roaming\npm;C:\Program Files\Microsoft VS Code\bin;C:\Users\niketk\AppData\Local\atom\bin;C:\MongoDB\bin;C:\Program Files\Docker Toolbox;C:\Program Files\Docker Toolbox;C:\Program Files\Docker Toolbox;C:\HashiCorp\Vagrant\bin;C:\WINDOWS\system32;C:\Niket\software\openssl\bin;C:\Users\niketk\AppData\Local\Continuum\anaconda3\Scripts;C:\Users\niketk\AppData\Local\Continuum\anaconda3;C:\Users\niketk\AppData\Local\Continuum\anaconda3\Library\bin;C:\Niket\software\sonar-scanner-3.3.0.1492-windows\bin;C:\Program Files\Git\cmd;C:\Niket\software\sqlplus;C:\Windows\System32\wbem;C:\Program Files\dotnet\;C:\Python27;C:\Niket\software\eclipse;;."/>
    <property name="java.vm.info" value="mixed mode"/>
    <property name="java.vendor" value="Oracle Corporation"/>
    <property name="java.vm.version" value="25.121-b13"/>
    <property name="java.ext.dirs" value="C:\Java\jdk1.8.0_121\jre\lib\ext;C:\windows\Sun\Java\lib\ext"/>
    <property name="sun.io.unicode.encoding" value="UnicodeLittle"/>
    <property name="java.class.version" value="52.0"/>
  </properties>
  <testcase name="addApplication" classname="com.keysoft.bucktrackerjpa.controller.TrackzillaControllerTest" time="0.119"/>
  <testcase name="findApplication" classname="com.keysoft.bucktrackerjpa.controller.TrackzillaControllerTest" time="0.002">
    <failure message="expected:&lt;201&gt; but was:&lt;409&gt;" type="java.lang.AssertionError"><![CDATA[java.lang.AssertionError: expected:<201> but was:<409>
	at com.keysoft.bucktrackerjpa.controller.TrackzillaControllerTest.addApplication(TrackzillaControllerTest.java:43)
	at com.keysoft.bucktrackerjpa.controller.TrackzillaControllerTest.findApplication(TrackzillaControllerTest.java:53)
]]></failure>
    <system-out><![CDATA[2019-09-20 11:22:49.591 DEBUG 8480 --- [           main] o.s.test.annotation.ProfileValueUtils    : Retrieved @ProfileValueSourceConfiguration [null] for test class [com.keysoft.bucktrackerjpa.controller.TrackzillaControllerTest]
2019-09-20 11:22:49.591 DEBUG 8480 --- [           main] o.s.test.annotation.ProfileValueUtils    : Retrieved ProfileValueSource type [class org.springframework.test.annotation.SystemProfileValueSource] for class [com.keysoft.bucktrackerjpa.controller.TrackzillaControllerTest]
2019-09-20 11:22:49.591 DEBUG 8480 --- [           main] c.DefaultCacheAwareContextLoaderDelegate : Retrieved ApplicationContext from cache with key [[WebMergedContextConfiguration@5fef0c19 testClass = TrackzillaControllerTest, locations = '{}', classes = '{class com.keysoft.bucktrackerjpa.BucktrackerJpaApplication}', contextInitializerClasses = '[]', activeProfiles = '{}', propertySourceLocations = '{}', propertySourceProperties = '{org.springframework.boot.test.context.SpringBootTestContextBootstrapper=true}', contextCustomizers = set[[ImportsContextCustomizer@2e6d76ba key = [org.springframework.boot.test.autoconfigure.web.servlet.MockMvcAutoConfiguration, org.springframework.boot.test.autoconfigure.web.servlet.MockMvcSecurityAutoConfiguration, org.springframework.boot.test.autoconfigure.web.servlet.MockMvcWebClientAutoConfiguration, org.springframework.boot.test.autoconfigure.web.servlet.MockMvcWebDriverAutoConfiguration]], org.springframework.boot.test.context.filter.ExcludeFilterContextCustomizer@382db087, org.springframework.boot.test.json.DuplicateJsonObjectContextCustomizerFactory$DuplicateJsonObjectContextCustomizer@5427c60c, org.springframework.boot.test.mock.mockito.MockitoContextCustomizer@0, org.springframework.boot.test.web.client.TestRestTemplateContextCustomizer@76b10754, org.springframework.boot.test.autoconfigure.properties.PropertyMappingContextCustomizer@e7e84f8, org.springframework.boot.test.autoconfigure.web.servlet.WebDriverContextCustomizerFactory$Customizer@1efee8e7], resourceBasePath = 'src/main/webapp', contextLoader = 'org.springframework.boot.test.context.SpringBootContextLoader', parent = [null]]]
2019-09-20 11:22:49.591 DEBUG 8480 --- [           main] org.springframework.test.context.cache   : Spring test ApplicationContext cache statistics: [DefaultContextCache@4052b19f size = 2, maxSize = 32, parentContextCount = 0, hitCount = 11, missCount = 2]
2019-09-20 11:22:49.591 DEBUG 8480 --- [           main] o.s.t.c.w.ServletTestExecutionListener   : Setting up MockHttpServletRequest, MockHttpServletResponse, ServletWebRequest, and RequestContextHolder for test context [DefaultTestContext@256bb5be testClass = TrackzillaControllerTest, testInstance = com.keysoft.bucktrackerjpa.controller.TrackzillaControllerTest@5fde1d64, testMethod = [null], testException = [null], mergedContextConfiguration = [WebMergedContextConfiguration@5fef0c19 testClass = TrackzillaControllerTest, locations = '{}', classes = '{class com.keysoft.bucktrackerjpa.BucktrackerJpaApplication}', contextInitializerClasses = '[]', activeProfiles = '{}', propertySourceLocations = '{}', propertySourceProperties = '{org.springframework.boot.test.context.SpringBootTestContextBootstrapper=true}', contextCustomizers = set[[ImportsContextCustomizer@2e6d76ba key = [org.springframework.boot.test.autoconfigure.web.servlet.MockMvcAutoConfiguration, org.springframework.boot.test.autoconfigure.web.servlet.MockMvcSecurityAutoConfiguration, org.springframework.boot.test.autoconfigure.web.servlet.MockMvcWebClientAutoConfiguration, org.springframework.boot.test.autoconfigure.web.servlet.MockMvcWebDriverAutoConfiguration]], org.springframework.boot.test.context.filter.ExcludeFilterContextCustomizer@382db087, org.springframework.boot.test.json.DuplicateJsonObjectContextCustomizerFactory$DuplicateJsonObjectContextCustomizer@5427c60c, org.springframework.boot.test.mock.mockito.MockitoContextCustomizer@0, org.springframework.boot.test.web.client.TestRestTemplateContextCustomizer@76b10754, org.springframework.boot.test.autoconfigure.properties.PropertyMappingContextCustomizer@e7e84f8, org.springframework.boot.test.autoconfigure.web.servlet.WebDriverContextCustomizerFactory$Customizer@1efee8e7], resourceBasePath = 'src/main/webapp', contextLoader = 'org.springframework.boot.test.context.SpringBootContextLoader', parent = [null]], attributes = map['org.springframework.test.context.web.ServletTestExecutionListener.activateListener' -> true, 'org.springframework.test.context.support.DependencyInjectionTestExecutionListener.reinjectDependencies' -> true]].
2019-09-20 11:22:49.591 DEBUG 8480 --- [           main] DependencyInjectionTestExecutionListener : Performing dependency injection for test context [[DefaultTestContext@256bb5be testClass = TrackzillaControllerTest, testInstance = com.keysoft.bucktrackerjpa.controller.TrackzillaControllerTest@5fde1d64, testMethod = [null], testException = [null], mergedContextConfiguration = [WebMergedContextConfiguration@5fef0c19 testClass = TrackzillaControllerTest, locations = '{}', classes = '{class com.keysoft.bucktrackerjpa.BucktrackerJpaApplication}', contextInitializerClasses = '[]', activeProfiles = '{}', propertySourceLocations = '{}', propertySourceProperties = '{org.springframework.boot.test.context.SpringBootTestContextBootstrapper=true}', contextCustomizers = set[[ImportsContextCustomizer@2e6d76ba key = [org.springframework.boot.test.autoconfigure.web.servlet.MockMvcAutoConfiguration, org.springframework.boot.test.autoconfigure.web.servlet.MockMvcSecurityAutoConfiguration, org.springframework.boot.test.autoconfigure.web.servlet.MockMvcWebClientAutoConfiguration, org.springframework.boot.test.autoconfigure.web.servlet.MockMvcWebDriverAutoConfiguration]], org.springframework.boot.test.context.filter.ExcludeFilterContextCustomizer@382db087, org.springframework.boot.test.json.DuplicateJsonObjectContextCustomizerFactory$DuplicateJsonObjectContextCustomizer@5427c60c, org.springframework.boot.test.mock.mockito.MockitoContextCustomizer@0, org.springframework.boot.test.web.client.TestRestTemplateContextCustomizer@76b10754, org.springframework.boot.test.autoconfigure.properties.PropertyMappingContextCustomizer@e7e84f8, org.springframework.boot.test.autoconfigure.web.servlet.WebDriverContextCustomizerFactory$Customizer@1efee8e7], resourceBasePath = 'src/main/webapp', contextLoader = 'org.springframework.boot.test.context.SpringBootContextLoader', parent = [null]], attributes = map['org.springframework.test.context.web.ServletTestExecutionListener.activateListener' -> true, 'org.springframework.test.context.web.ServletTestExecutionListener.populatedRequestContextHolder' -> true, 'org.springframework.test.context.web.ServletTestExecutionListener.resetRequestContextHolder' -> true, 'org.springframework.test.context.support.DependencyInjectionTestExecutionListener.reinjectDependencies' -> true]]].
2019-09-20 11:22:49.591 DEBUG 8480 --- [           main] c.DefaultCacheAwareContextLoaderDelegate : Retrieved ApplicationContext from cache with key [[WebMergedContextConfiguration@5fef0c19 testClass = TrackzillaControllerTest, locations = '{}', classes = '{class com.keysoft.bucktrackerjpa.BucktrackerJpaApplication}', contextInitializerClasses = '[]', activeProfiles = '{}', propertySourceLocations = '{}', propertySourceProperties = '{org.springframework.boot.test.context.SpringBootTestContextBootstrapper=true}', contextCustomizers = set[[ImportsContextCustomizer@2e6d76ba key = [org.springframework.boot.test.autoconfigure.web.servlet.MockMvcAutoConfiguration, org.springframework.boot.test.autoconfigure.web.servlet.MockMvcSecurityAutoConfiguration, org.springframework.boot.test.autoconfigure.web.servlet.MockMvcWebClientAutoConfiguration, org.springframework.boot.test.autoconfigure.web.servlet.MockMvcWebDriverAutoConfiguration]], org.springframework.boot.test.context.filter.ExcludeFilterContextCustomizer@382db087, org.springframework.boot.test.json.DuplicateJsonObjectContextCustomizerFactory$DuplicateJsonObjectContextCustomizer@5427c60c, org.springframework.boot.test.mock.mockito.MockitoContextCustomizer@0, org.springframework.boot.test.web.client.TestRestTemplateContextCustomizer@76b10754, org.springframework.boot.test.autoconfigure.properties.PropertyMappingContextCustomizer@e7e84f8, org.springframework.boot.test.autoconfigure.web.servlet.WebDriverContextCustomizerFactory$Customizer@1efee8e7], resourceBasePath = 'src/main/webapp', contextLoader = 'org.springframework.boot.test.context.SpringBootContextLoader', parent = [null]]]
2019-09-20 11:22:49.591 DEBUG 8480 --- [           main] org.springframework.test.context.cache   : Spring test ApplicationContext cache statistics: [DefaultContextCache@4052b19f size = 2, maxSize = 32, parentContextCount = 0, hitCount = 12, missCount = 2]
2019-09-20 11:22:49.592 DEBUG 8480 --- [           main] o.s.b.f.annotation.InjectionMetadata     : Processing injected element of bean 'com.keysoft.bucktrackerjpa.controller.TrackzillaControllerTest': AutowiredFieldElement for private org.springframework.test.web.servlet.MockMvc com.keysoft.bucktrackerjpa.controller.TrackzillaControllerTest.mockMvc
2019-09-20 11:22:49.592 DEBUG 8480 --- [           main] o.s.core.annotation.AnnotationUtils      : Failed to meta-introspect annotation interface org.springframework.beans.factory.annotation.Autowired: java.lang.NullPointerException
2019-09-20 11:22:49.592 DEBUG 8480 --- [           main] o.s.b.f.s.DefaultListableBeanFactory     : Returning cached instance of singleton bean 'mockMvc'
2019-09-20 11:22:49.592 DEBUG 8480 --- [           main] tractDirtiesContextTestExecutionListener : Before test method: context [DefaultTestContext@256bb5be testClass = TrackzillaControllerTest, testInstance = com.keysoft.bucktrackerjpa.controller.TrackzillaControllerTest@5fde1d64, testMethod = findApplication@TrackzillaControllerTest, testException = [null], mergedContextConfiguration = [WebMergedContextConfiguration@5fef0c19 testClass = TrackzillaControllerTest, locations = '{}', classes = '{class com.keysoft.bucktrackerjpa.BucktrackerJpaApplication}', contextInitializerClasses = '[]', activeProfiles = '{}', propertySourceLocations = '{}', propertySourceProperties = '{org.springframework.boot.test.context.SpringBootTestContextBootstrapper=true}', contextCustomizers = set[[ImportsContextCustomizer@2e6d76ba key = [org.springframework.boot.test.autoconfigure.web.servlet.MockMvcAutoConfiguration, org.springframework.boot.test.autoconfigure.web.servlet.MockMvcSecurityAutoConfiguration, org.springframework.boot.test.autoconfigure.web.servlet.MockMvcWebClientAutoConfiguration, org.springframework.boot.test.autoconfigure.web.servlet.MockMvcWebDriverAutoConfiguration]], org.springframework.boot.test.context.filter.ExcludeFilterContextCustomizer@382db087, org.springframework.boot.test.json.DuplicateJsonObjectContextCustomizerFactory$DuplicateJsonObjectContextCustomizer@5427c60c, org.springframework.boot.test.mock.mockito.MockitoContextCustomizer@0, org.springframework.boot.test.web.client.TestRestTemplateContextCustomizer@76b10754, org.springframework.boot.test.autoconfigure.properties.PropertyMappingContextCustomizer@e7e84f8, org.springframework.boot.test.autoconfigure.web.servlet.WebDriverContextCustomizerFactory$Customizer@1efee8e7], resourceBasePath = 'src/main/webapp', contextLoader = 'org.springframework.boot.test.context.SpringBootContextLoader', parent = [null]], attributes = map['org.springframework.test.context.web.ServletTestExecutionListener.activateListener' -> true, 'org.springframework.test.context.web.ServletTestExecutionListener.populatedRequestContextHolder' -> true, 'org.springframework.test.context.web.ServletTestExecutionListener.resetRequestContextHolder' -> true]], class annotated with @DirtiesContext [false] with mode [null], method annotated with @DirtiesContext [false] with mode [null].
2019-09-20 11:22:49.592 DEBUG 8480 --- [           main] c.DefaultCacheAwareContextLoaderDelegate : Retrieved ApplicationContext from cache with key [[WebMergedContextConfiguration@5fef0c19 testClass = TrackzillaControllerTest, locations = '{}', classes = '{class com.keysoft.bucktrackerjpa.BucktrackerJpaApplication}', contextInitializerClasses = '[]', activeProfiles = '{}', propertySourceLocations = '{}', propertySourceProperties = '{org.springframework.boot.test.context.SpringBootTestContextBootstrapper=true}', contextCustomizers = set[[ImportsContextCustomizer@2e6d76ba key = [org.springframework.boot.test.autoconfigure.web.servlet.MockMvcAutoConfiguration, org.springframework.boot.test.autoconfigure.web.servlet.MockMvcSecurityAutoConfiguration, org.springframework.boot.test.autoconfigure.web.servlet.MockMvcWebClientAutoConfiguration, org.springframework.boot.test.autoconfigure.web.servlet.MockMvcWebDriverAutoConfiguration]], org.springframework.boot.test.context.filter.ExcludeFilterContextCustomizer@382db087, org.springframework.boot.test.json.DuplicateJsonObjectContextCustomizerFactory$DuplicateJsonObjectContextCustomizer@5427c60c, org.springframework.boot.test.mock.mockito.MockitoContextCustomizer@0, org.springframework.boot.test.web.client.TestRestTemplateContextCustomizer@76b10754, org.springframework.boot.test.autoconfigure.properties.PropertyMappingContextCustomizer@e7e84f8, org.springframework.boot.test.autoconfigure.web.servlet.WebDriverContextCustomizerFactory$Customizer@1efee8e7], resourceBasePath = 'src/main/webapp', contextLoader = 'org.springframework.boot.test.context.SpringBootContextLoader', parent = [null]]]
2019-09-20 11:22:49.592 DEBUG 8480 --- [           main] org.springframework.test.context.cache   : Spring test ApplicationContext cache statistics: [DefaultContextCache@4052b19f size = 2, maxSize = 32, parentContextCount = 0, hitCount = 13, missCount = 2]
2019-09-20 11:22:49.593 DEBUG 8480 --- [           main] o.s.b.f.s.DefaultListableBeanFactory     : Returning cached instance of singleton bean 'org.springframework.boot.test.mock.mockito.MockitoBeans'
2019-09-20 11:22:49.593 DEBUG 8480 --- [           main] o.s.b.w.s.f.OrderedRequestContextFilter  : Bound request context to thread: org.springframework.mock.web.MockHttpServletRequest@5350ab17
2019-09-20 11:22:49.593 DEBUG 8480 --- [           main] o.s.t.web.servlet.TestDispatcherServlet  : DispatcherServlet with name '' processing POST request for [/tza/application/]
2019-09-20 11:22:49.593 DEBUG 8480 --- [           main] s.w.s.m.m.a.RequestMappingHandlerMapping : Looking up handler method for path /tza/application/
2019-09-20 11:22:49.594 DEBUG 8480 --- [           main] s.w.s.m.m.a.RequestMappingHandlerMapping : Returning handler method [public org.springframework.http.ResponseEntity<java.lang.Void> com.keysoft.bucktrackerjpa.controller.TrackzillaController.addApplication(com.keysoft.bucktrackerjpa.entity.Application,org.springframework.web.util.UriComponentsBuilder)]
2019-09-20 11:22:49.594 DEBUG 8480 --- [           main] o.s.b.f.s.DefaultListableBeanFactory     : Returning cached instance of singleton bean 'trackzillaController'
2019-09-20 11:22:49.594 DEBUG 8480 --- [           main] o.j.s.OpenEntityManagerInViewInterceptor : Opening JPA EntityManager in OpenEntityManagerInViewInterceptor
2019-09-20 11:22:49.594 DEBUG 8480 --- [           main] m.m.a.RequestResponseBodyMethodProcessor : Read [class com.keysoft.bucktrackerjpa.entity.Application] as "application/json;charset=UTF-8" with [org.springframework.http.converter.json.MappingJackson2HttpMessageConverter@1e721583]
2019-09-20 11:22:49.594 DEBUG 8480 --- [           main] o.s.core.annotation.AnnotationUtils      : Failed to meta-introspect annotation interface org.springframework.web.bind.annotation.RequestBody: java.lang.NullPointerException
2019-09-20 11:22:49.595 DEBUG 8480 --- [           main] o.s.orm.jpa.JpaTransactionManager        : Found thread-bound EntityManager [SessionImpl(PersistenceContext[entityKeys=[],collectionKeys=[]];ActionQueue[insertions=ExecutableList{size=0} updates=ExecutableList{size=0} deletions=ExecutableList{size=0} orphanRemovals=ExecutableList{size=0} collectionCreations=ExecutableList{size=0} collectionRemovals=ExecutableList{size=0} collectionUpdates=ExecutableList{size=0} collectionQueuedOps=ExecutableList{size=0} unresolvedInsertDependencies=null])] for JPA transaction
2019-09-20 11:22:49.595 DEBUG 8480 --- [           main] o.s.orm.jpa.JpaTransactionManager        : Creating new transaction with name [com.keysoft.bucktrackerjpa.dao.ApplicationDAO.applicationExists]: PROPAGATION_REQUIRED,ISOLATION_DEFAULT
2019-09-20 11:22:49.595 DEBUG 8480 --- [           main] o.s.orm.jpa.JpaTransactionManager        : Exposing JPA transaction as JDBC transaction [org.springframework.orm.jpa.vendor.HibernateJpaDialect$HibernateConnectionHandle@984de01]
Hibernate: select applicatio0_.application_id as applicat1_0_, applicatio0_.description as descript2_0_, applicatio0_.app_name as app_name3_0_, applicatio0_.owner as owner4_0_ from applications applicatio0_ where applicatio0_.app_name=? and applicatio0_.owner=?
2019-09-20 11:22:49.599 DEBUG 8480 --- [           main] o.s.orm.jpa.JpaTransactionManager        : Initiating transaction commit
2019-09-20 11:22:49.599 DEBUG 8480 --- [           main] o.s.orm.jpa.JpaTransactionManager        : Committing JPA transaction on EntityManager [SessionImpl(PersistenceContext[entityKeys=[EntityKey[com.keysoft.bucktrackerjpa.entity.Application#1]],collectionKeys=[]];ActionQueue[insertions=ExecutableList{size=0} updates=ExecutableList{size=0} deletions=ExecutableList{size=0} orphanRemovals=ExecutableList{size=0} collectionCreations=ExecutableList{size=0} collectionRemovals=ExecutableList{size=0} collectionUpdates=ExecutableList{size=0} collectionQueuedOps=ExecutableList{size=0} unresolvedInsertDependencies=null])]
2019-09-20 11:22:49.599 DEBUG 8480 --- [           main] o.s.orm.jpa.JpaTransactionManager        : Not closing pre-bound JPA EntityManager after transaction
2019-09-20 11:22:49.600 DEBUG 8480 --- [           main] o.s.t.web.servlet.TestDispatcherServlet  : Null ModelAndView returned to DispatcherServlet with name '': assuming HandlerAdapter completed request handling
2019-09-20 11:22:49.600 DEBUG 8480 --- [           main] o.j.s.OpenEntityManagerInViewInterceptor : Closing JPA EntityManager in OpenEntityManagerInViewInterceptor
2019-09-20 11:22:49.600 DEBUG 8480 --- [           main] o.s.orm.jpa.EntityManagerFactoryUtils    : Closing JPA EntityManager
2019-09-20 11:22:49.600 DEBUG 8480 --- [           main] o.s.t.web.servlet.TestDispatcherServlet  : Successfully completed request
2019-09-20 11:22:49.600 DEBUG 8480 --- [           main] o.s.b.w.s.f.OrderedRequestContextFilter  : Cleared thread-bound request context: org.springframework.mock.web.MockHttpServletRequest@5350ab17
2019-09-20 11:22:49.601 DEBUG 8480 --- [           main] c.DefaultCacheAwareContextLoaderDelegate : Retrieved ApplicationContext from cache with key [[WebMergedContextConfiguration@5fef0c19 testClass = TrackzillaControllerTest, locations = '{}', classes = '{class com.keysoft.bucktrackerjpa.BucktrackerJpaApplication}', contextInitializerClasses = '[]', activeProfiles = '{}', propertySourceLocations = '{}', propertySourceProperties = '{org.springframework.boot.test.context.SpringBootTestContextBootstrapper=true}', contextCustomizers = set[[ImportsContextCustomizer@2e6d76ba key = [org.springframework.boot.test.autoconfigure.web.servlet.MockMvcAutoConfiguration, org.springframework.boot.test.autoconfigure.web.servlet.MockMvcSecurityAutoConfiguration, org.springframework.boot.test.autoconfigure.web.servlet.MockMvcWebClientAutoConfiguration, org.springframework.boot.test.autoconfigure.web.servlet.MockMvcWebDriverAutoConfiguration]], org.springframework.boot.test.context.filter.ExcludeFilterContextCustomizer@382db087, org.springframework.boot.test.json.DuplicateJsonObjectContextCustomizerFactory$DuplicateJsonObjectContextCustomizer@5427c60c, org.springframework.boot.test.mock.mockito.MockitoContextCustomizer@0, org.springframework.boot.test.web.client.TestRestTemplateContextCustomizer@76b10754, org.springframework.boot.test.autoconfigure.properties.PropertyMappingContextCustomizer@e7e84f8, org.springframework.boot.test.autoconfigure.web.servlet.WebDriverContextCustomizerFactory$Customizer@1efee8e7], resourceBasePath = 'src/main/webapp', contextLoader = 'org.springframework.boot.test.context.SpringBootContextLoader', parent = [null]]]
2019-09-20 11:22:49.601 DEBUG 8480 --- [           main] org.springframework.test.context.cache   : Spring test ApplicationContext cache statistics: [DefaultContextCache@4052b19f size = 2, maxSize = 32, parentContextCount = 0, hitCount = 14, missCount = 2]
2019-09-20 11:22:49.601 DEBUG 8480 --- [           main] c.DefaultCacheAwareContextLoaderDelegate : Retrieved ApplicationContext from cache with key [[WebMergedContextConfiguration@5fef0c19 testClass = TrackzillaControllerTest, locations = '{}', classes = '{class com.keysoft.bucktrackerjpa.BucktrackerJpaApplication}', contextInitializerClasses = '[]', activeProfiles = '{}', propertySourceLocations = '{}', propertySourceProperties = '{org.springframework.boot.test.context.SpringBootTestContextBootstrapper=true}', contextCustomizers = set[[ImportsContextCustomizer@2e6d76ba key = [org.springframework.boot.test.autoconfigure.web.servlet.MockMvcAutoConfiguration, org.springframework.boot.test.autoconfigure.web.servlet.MockMvcSecurityAutoConfiguration, org.springframework.boot.test.autoconfigure.web.servlet.MockMvcWebClientAutoConfiguration, org.springframework.boot.test.autoconfigure.web.servlet.MockMvcWebDriverAutoConfiguration]], org.springframework.boot.test.context.filter.ExcludeFilterContextCustomizer@382db087, org.springframework.boot.test.json.DuplicateJsonObjectContextCustomizerFactory$DuplicateJsonObjectContextCustomizer@5427c60c, org.springframework.boot.test.mock.mockito.MockitoContextCustomizer@0, org.springframework.boot.test.web.client.TestRestTemplateContextCustomizer@76b10754, org.springframework.boot.test.autoconfigure.properties.PropertyMappingContextCustomizer@e7e84f8, org.springframework.boot.test.autoconfigure.web.servlet.WebDriverContextCustomizerFactory$Customizer@1efee8e7], resourceBasePath = 'src/main/webapp', contextLoader = 'org.springframework.boot.test.context.SpringBootContextLoader', parent = [null]]]
2019-09-20 11:22:49.601 DEBUG 8480 --- [           main] org.springframework.test.context.cache   : Spring test ApplicationContext cache statistics: [DefaultContextCache@4052b19f size = 2, maxSize = 32, parentContextCount = 0, hitCount = 15, missCount = 2]
2019-09-20 11:22:49.601 DEBUG 8480 --- [           main] o.s.b.f.s.DefaultListableBeanFactory     : Returning cached instance of singleton bean 'org.springframework.boot.test.autoconfigure.web.servlet.SpringBootMockMvcBuilderCustomizer$DeferredLinesWriter'

MockHttpServletRequest:
      HTTP Method = POST
      Request URI = /tza/application/
       Parameters = {}
          Headers = {Content-Type=[application/json;charset=UTF-8], Accept=[application/json]}
             Body = {"name":"Test Application","description":"A test application.","owner":"Kesha Williams"}
    Session Attrs = {}

Handler:
             Type = com.keysoft.bucktrackerjpa.controller.TrackzillaController
           Method = public org.springframework.http.ResponseEntity<java.lang.Void> com.keysoft.bucktrackerjpa.controller.TrackzillaController.addApplication(com.keysoft.bucktrackerjpa.entity.Application,org.springframework.web.util.UriComponentsBuilder)

Async:
    Async started = false
     Async result = null

Resolved Exception:
             Type = null

ModelAndView:
        View name = null
             View = null
            Model = null

FlashMap:
       Attributes = null

MockHttpServletResponse:
           Status = 201
    Error message = null
          Headers = {Location=[http://localhost/application/1]}
     Content type = null
             Body = 
    Forwarded URL = null
   Redirected URL = http://localhost/application/1
          Cookies = []

MockHttpServletRequest:
      HTTP Method = POST
      Request URI = /tza/application/
       Parameters = {}
          Headers = {Content-Type=[application/json;charset=UTF-8], Accept=[application/json]}
             Body = {"name":"Test Application","description":"A test application.","owner":"Kesha Williams"}
    Session Attrs = {}

Handler:
             Type = com.keysoft.bucktrackerjpa.controller.TrackzillaController
           Method = public org.springframework.http.ResponseEntity<java.lang.Void> com.keysoft.bucktrackerjpa.controller.TrackzillaController.addApplication(com.keysoft.bucktrackerjpa.entity.Application,org.springframework.web.util.UriComponentsBuilder)

Async:
    Async started = false
     Async result = null

Resolved Exception:
             Type = null

ModelAndView:
        View name = null
             View = null
            Model = null

FlashMap:
       Attributes = null

MockHttpServletResponse:
           Status = 409
    Error message = null
          Headers = {}
     Content type = null
             Body = 
    Forwarded URL = null
   Redirected URL = null
          Cookies = []
2019-09-20 11:22:49.602 DEBUG 8480 --- [           main] c.DefaultCacheAwareContextLoaderDelegate : Retrieved ApplicationContext from cache with key [[WebMergedContextConfiguration@5fef0c19 testClass = TrackzillaControllerTest, locations = '{}', classes = '{class com.keysoft.bucktrackerjpa.BucktrackerJpaApplication}', contextInitializerClasses = '[]', activeProfiles = '{}', propertySourceLocations = '{}', propertySourceProperties = '{org.springframework.boot.test.context.SpringBootTestContextBootstrapper=true}', contextCustomizers = set[[ImportsContextCustomizer@2e6d76ba key = [org.springframework.boot.test.autoconfigure.web.servlet.MockMvcAutoConfiguration, org.springframework.boot.test.autoconfigure.web.servlet.MockMvcSecurityAutoConfiguration, org.springframework.boot.test.autoconfigure.web.servlet.MockMvcWebClientAutoConfiguration, org.springframework.boot.test.autoconfigure.web.servlet.MockMvcWebDriverAutoConfiguration]], org.springframework.boot.test.context.filter.ExcludeFilterContextCustomizer@382db087, org.springframework.boot.test.json.DuplicateJsonObjectContextCustomizerFactory$DuplicateJsonObjectContextCustomizer@5427c60c, org.springframework.boot.test.mock.mockito.MockitoContextCustomizer@0, org.springframework.boot.test.web.client.TestRestTemplateContextCustomizer@76b10754, org.springframework.boot.test.autoconfigure.properties.PropertyMappingContextCustomizer@e7e84f8, org.springframework.boot.test.autoconfigure.web.servlet.WebDriverContextCustomizerFactory$Customizer@1efee8e7], resourceBasePath = 'src/main/webapp', contextLoader = 'org.springframework.boot.test.context.SpringBootContextLoader', parent = [null]]]
2019-09-20 11:22:49.602 DEBUG 8480 --- [           main] org.springframework.test.context.cache   : Spring test ApplicationContext cache statistics: [DefaultContextCache@4052b19f size = 2, maxSize = 32, parentContextCount = 0, hitCount = 16, missCount = 2]
2019-09-20 11:22:49.603 DEBUG 8480 --- [           main] c.DefaultCacheAwareContextLoaderDelegate : Retrieved ApplicationContext from cache with key [[WebMergedContextConfiguration@5fef0c19 testClass = TrackzillaControllerTest, locations = '{}', classes = '{class com.keysoft.bucktrackerjpa.BucktrackerJpaApplication}', contextInitializerClasses = '[]', activeProfiles = '{}', propertySourceLocations = '{}', propertySourceProperties = '{org.springframework.boot.test.context.SpringBootTestContextBootstrapper=true}', contextCustomizers = set[[ImportsContextCustomizer@2e6d76ba key = [org.springframework.boot.test.autoconfigure.web.servlet.MockMvcAutoConfiguration, org.springframework.boot.test.autoconfigure.web.servlet.MockMvcSecurityAutoConfiguration, org.springframework.boot.test.autoconfigure.web.servlet.MockMvcWebClientAutoConfiguration, org.springframework.boot.test.autoconfigure.web.servlet.MockMvcWebDriverAutoConfiguration]], org.springframework.boot.test.context.filter.ExcludeFilterContextCustomizer@382db087, org.springframework.boot.test.json.DuplicateJsonObjectContextCustomizerFactory$DuplicateJsonObjectContextCustomizer@5427c60c, org.springframework.boot.test.mock.mockito.MockitoContextCustomizer@0, org.springframework.boot.test.web.client.TestRestTemplateContextCustomizer@76b10754, org.springframework.boot.test.autoconfigure.properties.PropertyMappingContextCustomizer@e7e84f8, org.springframework.boot.test.autoconfigure.web.servlet.WebDriverContextCustomizerFactory$Customizer@1efee8e7], resourceBasePath = 'src/main/webapp', contextLoader = 'org.springframework.boot.test.context.SpringBootContextLoader', parent = [null]]]
2019-09-20 11:22:49.603 DEBUG 8480 --- [           main] org.springframework.test.context.cache   : Spring test ApplicationContext cache statistics: [DefaultContextCache@4052b19f size = 2, maxSize = 32, parentContextCount = 0, hitCount = 17, missCount = 2]
2019-09-20 11:22:49.603 DEBUG 8480 --- [           main] o.s.b.f.s.DefaultListableBeanFactory     : Returning cached instance of singleton bean 'org.springframework.boot.test.mock.mockito.MockitoBeans'
2019-09-20 11:22:49.604 DEBUG 8480 --- [           main] tractDirtiesContextTestExecutionListener : After test method: context [DefaultTestContext@256bb5be testClass = TrackzillaControllerTest, testInstance = com.keysoft.bucktrackerjpa.controller.TrackzillaControllerTest@5fde1d64, testMethod = findApplication@TrackzillaControllerTest, testException = java.lang.AssertionError: expected:<201> but was:<409>, mergedContextConfiguration = [WebMergedContextConfiguration@5fef0c19 testClass = TrackzillaControllerTest, locations = '{}', classes = '{class com.keysoft.bucktrackerjpa.BucktrackerJpaApplication}', contextInitializerClasses = '[]', activeProfiles = '{}', propertySourceLocations = '{}', propertySourceProperties = '{org.springframework.boot.test.context.SpringBootTestContextBootstrapper=true}', contextCustomizers = set[[ImportsContextCustomizer@2e6d76ba key = [org.springframework.boot.test.autoconfigure.web.servlet.MockMvcAutoConfiguration, org.springframework.boot.test.autoconfigure.web.servlet.MockMvcSecurityAutoConfiguration, org.springframework.boot.test.autoconfigure.web.servlet.MockMvcWebClientAutoConfiguration, org.springframework.boot.test.autoconfigure.web.servlet.MockMvcWebDriverAutoConfiguration]], org.springframework.boot.test.context.filter.ExcludeFilterContextCustomizer@382db087, org.springframework.boot.test.json.DuplicateJsonObjectContextCustomizerFactory$DuplicateJsonObjectContextCustomizer@5427c60c, org.springframework.boot.test.mock.mockito.MockitoContextCustomizer@0, org.springframework.boot.test.web.client.TestRestTemplateContextCustomizer@76b10754, org.springframework.boot.test.autoconfigure.properties.PropertyMappingContextCustomizer@e7e84f8, org.springframework.boot.test.autoconfigure.web.servlet.WebDriverContextCustomizerFactory$Customizer@1efee8e7], resourceBasePath = 'src/main/webapp', contextLoader = 'org.springframework.boot.test.context.SpringBootContextLoader', parent = [null]], attributes = map['org.springframework.test.context.web.ServletTestExecutionListener.activateListener' -> true, 'org.springframework.test.context.web.ServletTestExecutionListener.populatedRequestContextHolder' -> true, 'org.springframework.test.context.web.ServletTestExecutionListener.resetRequestContextHolder' -> true]], class annotated with @DirtiesContext [false] with mode [null], method annotated with @DirtiesContext [false] with mode [null].
2019-09-20 11:22:49.604 DEBUG 8480 --- [           main] o.s.t.c.w.ServletTestExecutionListener   : Resetting RequestContextHolder for test context [DefaultTestContext@256bb5be testClass = TrackzillaControllerTest, testInstance = com.keysoft.bucktrackerjpa.controller.TrackzillaControllerTest@5fde1d64, testMethod = findApplication@TrackzillaControllerTest, testException = java.lang.AssertionError: expected:<201> but was:<409>, mergedContextConfiguration = [WebMergedContextConfiguration@5fef0c19 testClass = TrackzillaControllerTest, locations = '{}', classes = '{class com.keysoft.bucktrackerjpa.BucktrackerJpaApplication}', contextInitializerClasses = '[]', activeProfiles = '{}', propertySourceLocations = '{}', propertySourceProperties = '{org.springframework.boot.test.context.SpringBootTestContextBootstrapper=true}', contextCustomizers = set[[ImportsContextCustomizer@2e6d76ba key = [org.springframework.boot.test.autoconfigure.web.servlet.MockMvcAutoConfiguration, org.springframework.boot.test.autoconfigure.web.servlet.MockMvcSecurityAutoConfiguration, org.springframework.boot.test.autoconfigure.web.servlet.MockMvcWebClientAutoConfiguration, org.springframework.boot.test.autoconfigure.web.servlet.MockMvcWebDriverAutoConfiguration]], org.springframework.boot.test.context.filter.ExcludeFilterContextCustomizer@382db087, org.springframework.boot.test.json.DuplicateJsonObjectContextCustomizerFactory$DuplicateJsonObjectContextCustomizer@5427c60c, org.springframework.boot.test.mock.mockito.MockitoContextCustomizer@0, org.springframework.boot.test.web.client.TestRestTemplateContextCustomizer@76b10754, org.springframework.boot.test.autoconfigure.properties.PropertyMappingContextCustomizer@e7e84f8, org.springframework.boot.test.autoconfigure.web.servlet.WebDriverContextCustomizerFactory$Customizer@1efee8e7], resourceBasePath = 'src/main/webapp', contextLoader = 'org.springframework.boot.test.context.SpringBootContextLoader', parent = [null]], attributes = map['org.springframework.test.context.web.ServletTestExecutionListener.activateListener' -> true, 'org.springframework.test.context.web.ServletTestExecutionListener.populatedRequestContextHolder' -> true, 'org.springframework.test.context.web.ServletTestExecutionListener.resetRequestContextHolder' -> true]].
]]></system-out>
  </testcase>
  <testcase name="addTicket" classname="com.keysoft.bucktrackerjpa.controller.TrackzillaControllerTest" time="0.001">
    <failure message="expected:&lt;201&gt; but was:&lt;409&gt;" type="java.lang.AssertionError"><![CDATA[java.lang.AssertionError: expected:<201> but was:<409>
	at com.keysoft.bucktrackerjpa.controller.TrackzillaControllerTest.addApplication(TrackzillaControllerTest.java:43)
	at com.keysoft.bucktrackerjpa.controller.TrackzillaControllerTest.addTicket(TrackzillaControllerTest.java:109)
]]></failure>
    <system-out><![CDATA[2019-09-20 11:22:49.607 DEBUG 8480 --- [           main] o.s.test.annotation.ProfileValueUtils    : Retrieved @ProfileValueSourceConfiguration [null] for test class [com.keysoft.bucktrackerjpa.controller.TrackzillaControllerTest]
2019-09-20 11:22:49.607 DEBUG 8480 --- [           main] o.s.test.annotation.ProfileValueUtils    : Retrieved ProfileValueSource type [class org.springframework.test.annotation.SystemProfileValueSource] for class [com.keysoft.bucktrackerjpa.controller.TrackzillaControllerTest]
2019-09-20 11:22:49.607 DEBUG 8480 --- [           main] c.DefaultCacheAwareContextLoaderDelegate : Retrieved ApplicationContext from cache with key [[WebMergedContextConfiguration@5fef0c19 testClass = TrackzillaControllerTest, locations = '{}', classes = '{class com.keysoft.bucktrackerjpa.BucktrackerJpaApplication}', contextInitializerClasses = '[]', activeProfiles = '{}', propertySourceLocations = '{}', propertySourceProperties = '{org.springframework.boot.test.context.SpringBootTestContextBootstrapper=true}', contextCustomizers = set[[ImportsContextCustomizer@2e6d76ba key = [org.springframework.boot.test.autoconfigure.web.servlet.MockMvcAutoConfiguration, org.springframework.boot.test.autoconfigure.web.servlet.MockMvcSecurityAutoConfiguration, org.springframework.boot.test.autoconfigure.web.servlet.MockMvcWebClientAutoConfiguration, org.springframework.boot.test.autoconfigure.web.servlet.MockMvcWebDriverAutoConfiguration]], org.springframework.boot.test.context.filter.ExcludeFilterContextCustomizer@382db087, org.springframework.boot.test.json.DuplicateJsonObjectContextCustomizerFactory$DuplicateJsonObjectContextCustomizer@5427c60c, org.springframework.boot.test.mock.mockito.MockitoContextCustomizer@0, org.springframework.boot.test.web.client.TestRestTemplateContextCustomizer@76b10754, org.springframework.boot.test.autoconfigure.properties.PropertyMappingContextCustomizer@e7e84f8, org.springframework.boot.test.autoconfigure.web.servlet.WebDriverContextCustomizerFactory$Customizer@1efee8e7], resourceBasePath = 'src/main/webapp', contextLoader = 'org.springframework.boot.test.context.SpringBootContextLoader', parent = [null]]]
2019-09-20 11:22:49.607 DEBUG 8480 --- [           main] org.springframework.test.context.cache   : Spring test ApplicationContext cache statistics: [DefaultContextCache@4052b19f size = 2, maxSize = 32, parentContextCount = 0, hitCount = 18, missCount = 2]
2019-09-20 11:22:49.607 DEBUG 8480 --- [           main] o.s.t.c.w.ServletTestExecutionListener   : Setting up MockHttpServletRequest, MockHttpServletResponse, ServletWebRequest, and RequestContextHolder for test context [DefaultTestContext@256bb5be testClass = TrackzillaControllerTest, testInstance = com.keysoft.bucktrackerjpa.controller.TrackzillaControllerTest@24aedcc5, testMethod = [null], testException = [null], mergedContextConfiguration = [WebMergedContextConfiguration@5fef0c19 testClass = TrackzillaControllerTest, locations = '{}', classes = '{class com.keysoft.bucktrackerjpa.BucktrackerJpaApplication}', contextInitializerClasses = '[]', activeProfiles = '{}', propertySourceLocations = '{}', propertySourceProperties = '{org.springframework.boot.test.context.SpringBootTestContextBootstrapper=true}', contextCustomizers = set[[ImportsContextCustomizer@2e6d76ba key = [org.springframework.boot.test.autoconfigure.web.servlet.MockMvcAutoConfiguration, org.springframework.boot.test.autoconfigure.web.servlet.MockMvcSecurityAutoConfiguration, org.springframework.boot.test.autoconfigure.web.servlet.MockMvcWebClientAutoConfiguration, org.springframework.boot.test.autoconfigure.web.servlet.MockMvcWebDriverAutoConfiguration]], org.springframework.boot.test.context.filter.ExcludeFilterContextCustomizer@382db087, org.springframework.boot.test.json.DuplicateJsonObjectContextCustomizerFactory$DuplicateJsonObjectContextCustomizer@5427c60c, org.springframework.boot.test.mock.mockito.MockitoContextCustomizer@0, org.springframework.boot.test.web.client.TestRestTemplateContextCustomizer@76b10754, org.springframework.boot.test.autoconfigure.properties.PropertyMappingContextCustomizer@e7e84f8, org.springframework.boot.test.autoconfigure.web.servlet.WebDriverContextCustomizerFactory$Customizer@1efee8e7], resourceBasePath = 'src/main/webapp', contextLoader = 'org.springframework.boot.test.context.SpringBootContextLoader', parent = [null]], attributes = map['org.springframework.test.context.web.ServletTestExecutionListener.activateListener' -> true, 'org.springframework.test.context.support.DependencyInjectionTestExecutionListener.reinjectDependencies' -> true]].
2019-09-20 11:22:49.607 DEBUG 8480 --- [           main] DependencyInjectionTestExecutionListener : Performing dependency injection for test context [[DefaultTestContext@256bb5be testClass = TrackzillaControllerTest, testInstance = com.keysoft.bucktrackerjpa.controller.TrackzillaControllerTest@24aedcc5, testMethod = [null], testException = [null], mergedContextConfiguration = [WebMergedContextConfiguration@5fef0c19 testClass = TrackzillaControllerTest, locations = '{}', classes = '{class com.keysoft.bucktrackerjpa.BucktrackerJpaApplication}', contextInitializerClasses = '[]', activeProfiles = '{}', propertySourceLocations = '{}', propertySourceProperties = '{org.springframework.boot.test.context.SpringBootTestContextBootstrapper=true}', contextCustomizers = set[[ImportsContextCustomizer@2e6d76ba key = [org.springframework.boot.test.autoconfigure.web.servlet.MockMvcAutoConfiguration, org.springframework.boot.test.autoconfigure.web.servlet.MockMvcSecurityAutoConfiguration, org.springframework.boot.test.autoconfigure.web.servlet.MockMvcWebClientAutoConfiguration, org.springframework.boot.test.autoconfigure.web.servlet.MockMvcWebDriverAutoConfiguration]], org.springframework.boot.test.context.filter.ExcludeFilterContextCustomizer@382db087, org.springframework.boot.test.json.DuplicateJsonObjectContextCustomizerFactory$DuplicateJsonObjectContextCustomizer@5427c60c, org.springframework.boot.test.mock.mockito.MockitoContextCustomizer@0, org.springframework.boot.test.web.client.TestRestTemplateContextCustomizer@76b10754, org.springframework.boot.test.autoconfigure.properties.PropertyMappingContextCustomizer@e7e84f8, org.springframework.boot.test.autoconfigure.web.servlet.WebDriverContextCustomizerFactory$Customizer@1efee8e7], resourceBasePath = 'src/main/webapp', contextLoader = 'org.springframework.boot.test.context.SpringBootContextLoader', parent = [null]], attributes = map['org.springframework.test.context.web.ServletTestExecutionListener.activateListener' -> true, 'org.springframework.test.context.web.ServletTestExecutionListener.populatedRequestContextHolder' -> true, 'org.springframework.test.context.web.ServletTestExecutionListener.resetRequestContextHolder' -> true, 'org.springframework.test.context.support.DependencyInjectionTestExecutionListener.reinjectDependencies' -> true]]].
2019-09-20 11:22:49.607 DEBUG 8480 --- [           main] c.DefaultCacheAwareContextLoaderDelegate : Retrieved ApplicationContext from cache with key [[WebMergedContextConfiguration@5fef0c19 testClass = TrackzillaControllerTest, locations = '{}', classes = '{class com.keysoft.bucktrackerjpa.BucktrackerJpaApplication}', contextInitializerClasses = '[]', activeProfiles = '{}', propertySourceLocations = '{}', propertySourceProperties = '{org.springframework.boot.test.context.SpringBootTestContextBootstrapper=true}', contextCustomizers = set[[ImportsContextCustomizer@2e6d76ba key = [org.springframework.boot.test.autoconfigure.web.servlet.MockMvcAutoConfiguration, org.springframework.boot.test.autoconfigure.web.servlet.MockMvcSecurityAutoConfiguration, org.springframework.boot.test.autoconfigure.web.servlet.MockMvcWebClientAutoConfiguration, org.springframework.boot.test.autoconfigure.web.servlet.MockMvcWebDriverAutoConfiguration]], org.springframework.boot.test.context.filter.ExcludeFilterContextCustomizer@382db087, org.springframework.boot.test.json.DuplicateJsonObjectContextCustomizerFactory$DuplicateJsonObjectContextCustomizer@5427c60c, org.springframework.boot.test.mock.mockito.MockitoContextCustomizer@0, org.springframework.boot.test.web.client.TestRestTemplateContextCustomizer@76b10754, org.springframework.boot.test.autoconfigure.properties.PropertyMappingContextCustomizer@e7e84f8, org.springframework.boot.test.autoconfigure.web.servlet.WebDriverContextCustomizerFactory$Customizer@1efee8e7], resourceBasePath = 'src/main/webapp', contextLoader = 'org.springframework.boot.test.context.SpringBootContextLoader', parent = [null]]]
2019-09-20 11:22:49.607 DEBUG 8480 --- [           main] org.springframework.test.context.cache   : Spring test ApplicationContext cache statistics: [DefaultContextCache@4052b19f size = 2, maxSize = 32, parentContextCount = 0, hitCount = 19, missCount = 2]
2019-09-20 11:22:49.607 DEBUG 8480 --- [           main] o.s.b.f.annotation.InjectionMetadata     : Processing injected element of bean 'com.keysoft.bucktrackerjpa.controller.TrackzillaControllerTest': AutowiredFieldElement for private org.springframework.test.web.servlet.MockMvc com.keysoft.bucktrackerjpa.controller.TrackzillaControllerTest.mockMvc
2019-09-20 11:22:49.608 DEBUG 8480 --- [           main] o.s.core.annotation.AnnotationUtils      : Failed to meta-introspect annotation interface org.springframework.beans.factory.annotation.Autowired: java.lang.NullPointerException
2019-09-20 11:22:49.608 DEBUG 8480 --- [           main] o.s.b.f.s.DefaultListableBeanFactory     : Returning cached instance of singleton bean 'mockMvc'
2019-09-20 11:22:49.608 DEBUG 8480 --- [           main] tractDirtiesContextTestExecutionListener : Before test method: context [DefaultTestContext@256bb5be testClass = TrackzillaControllerTest, testInstance = com.keysoft.bucktrackerjpa.controller.TrackzillaControllerTest@24aedcc5, testMethod = addTicket@TrackzillaControllerTest, testException = [null], mergedContextConfiguration = [WebMergedContextConfiguration@5fef0c19 testClass = TrackzillaControllerTest, locations = '{}', classes = '{class com.keysoft.bucktrackerjpa.BucktrackerJpaApplication}', contextInitializerClasses = '[]', activeProfiles = '{}', propertySourceLocations = '{}', propertySourceProperties = '{org.springframework.boot.test.context.SpringBootTestContextBootstrapper=true}', contextCustomizers = set[[ImportsContextCustomizer@2e6d76ba key = [org.springframework.boot.test.autoconfigure.web.servlet.MockMvcAutoConfiguration, org.springframework.boot.test.autoconfigure.web.servlet.MockMvcSecurityAutoConfiguration, org.springframework.boot.test.autoconfigure.web.servlet.MockMvcWebClientAutoConfiguration, org.springframework.boot.test.autoconfigure.web.servlet.MockMvcWebDriverAutoConfiguration]], org.springframework.boot.test.context.filter.ExcludeFilterContextCustomizer@382db087, org.springframework.boot.test.json.DuplicateJsonObjectContextCustomizerFactory$DuplicateJsonObjectContextCustomizer@5427c60c, org.springframework.boot.test.mock.mockito.MockitoContextCustomizer@0, org.springframework.boot.test.web.client.TestRestTemplateContextCustomizer@76b10754, org.springframework.boot.test.autoconfigure.properties.PropertyMappingContextCustomizer@e7e84f8, org.springframework.boot.test.autoconfigure.web.servlet.WebDriverContextCustomizerFactory$Customizer@1efee8e7], resourceBasePath = 'src/main/webapp', contextLoader = 'org.springframework.boot.test.context.SpringBootContextLoader', parent = [null]], attributes = map['org.springframework.test.context.web.ServletTestExecutionListener.activateListener' -> true, 'org.springframework.test.context.web.ServletTestExecutionListener.populatedRequestContextHolder' -> true, 'org.springframework.test.context.web.ServletTestExecutionListener.resetRequestContextHolder' -> true]], class annotated with @DirtiesContext [false] with mode [null], method annotated with @DirtiesContext [false] with mode [null].
2019-09-20 11:22:49.608 DEBUG 8480 --- [           main] c.DefaultCacheAwareContextLoaderDelegate : Retrieved ApplicationContext from cache with key [[WebMergedContextConfiguration@5fef0c19 testClass = TrackzillaControllerTest, locations = '{}', classes = '{class com.keysoft.bucktrackerjpa.BucktrackerJpaApplication}', contextInitializerClasses = '[]', activeProfiles = '{}', propertySourceLocations = '{}', propertySourceProperties = '{org.springframework.boot.test.context.SpringBootTestContextBootstrapper=true}', contextCustomizers = set[[ImportsContextCustomizer@2e6d76ba key = [org.springframework.boot.test.autoconfigure.web.servlet.MockMvcAutoConfiguration, org.springframework.boot.test.autoconfigure.web.servlet.MockMvcSecurityAutoConfiguration, org.springframework.boot.test.autoconfigure.web.servlet.MockMvcWebClientAutoConfiguration, org.springframework.boot.test.autoconfigure.web.servlet.MockMvcWebDriverAutoConfiguration]], org.springframework.boot.test.context.filter.ExcludeFilterContextCustomizer@382db087, org.springframework.boot.test.json.DuplicateJsonObjectContextCustomizerFactory$DuplicateJsonObjectContextCustomizer@5427c60c, org.springframework.boot.test.mock.mockito.MockitoContextCustomizer@0, org.springframework.boot.test.web.client.TestRestTemplateContextCustomizer@76b10754, org.springframework.boot.test.autoconfigure.properties.PropertyMappingContextCustomizer@e7e84f8, org.springframework.boot.test.autoconfigure.web.servlet.WebDriverContextCustomizerFactory$Customizer@1efee8e7], resourceBasePath = 'src/main/webapp', contextLoader = 'org.springframework.boot.test.context.SpringBootContextLoader', parent = [null]]]
2019-09-20 11:22:49.608 DEBUG 8480 --- [           main] org.springframework.test.context.cache   : Spring test ApplicationContext cache statistics: [DefaultContextCache@4052b19f size = 2, maxSize = 32, parentContextCount = 0, hitCount = 20, missCount = 2]
2019-09-20 11:22:49.608 DEBUG 8480 --- [           main] o.s.b.f.s.DefaultListableBeanFactory     : Returning cached instance of singleton bean 'org.springframework.boot.test.mock.mockito.MockitoBeans'
2019-09-20 11:22:49.609 DEBUG 8480 --- [           main] o.s.b.w.s.f.OrderedRequestContextFilter  : Bound request context to thread: org.springframework.mock.web.MockHttpServletRequest@74ebd159
2019-09-20 11:22:49.609 DEBUG 8480 --- [           main] o.s.t.web.servlet.TestDispatcherServlet  : DispatcherServlet with name '' processing POST request for [/tza/application/]
2019-09-20 11:22:49.609 DEBUG 8480 --- [           main] s.w.s.m.m.a.RequestMappingHandlerMapping : Looking up handler method for path /tza/application/
2019-09-20 11:22:49.609 DEBUG 8480 --- [           main] s.w.s.m.m.a.RequestMappingHandlerMapping : Returning handler method [public org.springframework.http.ResponseEntity<java.lang.Void> com.keysoft.bucktrackerjpa.controller.TrackzillaController.addApplication(com.keysoft.bucktrackerjpa.entity.Application,org.springframework.web.util.UriComponentsBuilder)]
2019-09-20 11:22:49.609 DEBUG 8480 --- [           main] o.s.b.f.s.DefaultListableBeanFactory     : Returning cached instance of singleton bean 'trackzillaController'
2019-09-20 11:22:49.609 DEBUG 8480 --- [           main] o.j.s.OpenEntityManagerInViewInterceptor : Opening JPA EntityManager in OpenEntityManagerInViewInterceptor
2019-09-20 11:22:49.610 DEBUG 8480 --- [           main] m.m.a.RequestResponseBodyMethodProcessor : Read [class com.keysoft.bucktrackerjpa.entity.Application] as "application/json;charset=UTF-8" with [org.springframework.http.converter.json.MappingJackson2HttpMessageConverter@1e721583]
2019-09-20 11:22:49.610 DEBUG 8480 --- [           main] o.s.core.annotation.AnnotationUtils      : Failed to meta-introspect annotation interface org.springframework.web.bind.annotation.RequestBody: java.lang.NullPointerException
2019-09-20 11:22:49.610 DEBUG 8480 --- [           main] o.s.orm.jpa.JpaTransactionManager        : Found thread-bound EntityManager [SessionImpl(PersistenceContext[entityKeys=[],collectionKeys=[]];ActionQueue[insertions=ExecutableList{size=0} updates=ExecutableList{size=0} deletions=ExecutableList{size=0} orphanRemovals=ExecutableList{size=0} collectionCreations=ExecutableList{size=0} collectionRemovals=ExecutableList{size=0} collectionUpdates=ExecutableList{size=0} collectionQueuedOps=ExecutableList{size=0} unresolvedInsertDependencies=null])] for JPA transaction
2019-09-20 11:22:49.610 DEBUG 8480 --- [           main] o.s.orm.jpa.JpaTransactionManager        : Creating new transaction with name [com.keysoft.bucktrackerjpa.dao.ApplicationDAO.applicationExists]: PROPAGATION_REQUIRED,ISOLATION_DEFAULT
2019-09-20 11:22:49.610 DEBUG 8480 --- [           main] o.s.orm.jpa.JpaTransactionManager        : Exposing JPA transaction as JDBC transaction [org.springframework.orm.jpa.vendor.HibernateJpaDialect$HibernateConnectionHandle@1850f2da]
Hibernate: select applicatio0_.application_id as applicat1_0_, applicatio0_.description as descript2_0_, applicatio0_.app_name as app_name3_0_, applicatio0_.owner as owner4_0_ from applications applicatio0_ where applicatio0_.app_name=? and applicatio0_.owner=?
2019-09-20 11:22:49.611 DEBUG 8480 --- [           main] o.s.orm.jpa.JpaTransactionManager        : Initiating transaction commit
2019-09-20 11:22:49.611 DEBUG 8480 --- [           main] o.s.orm.jpa.JpaTransactionManager        : Committing JPA transaction on EntityManager [SessionImpl(PersistenceContext[entityKeys=[EntityKey[com.keysoft.bucktrackerjpa.entity.Application#1]],collectionKeys=[]];ActionQueue[insertions=ExecutableList{size=0} updates=ExecutableList{size=0} deletions=ExecutableList{size=0} orphanRemovals=ExecutableList{size=0} collectionCreations=ExecutableList{size=0} collectionRemovals=ExecutableList{size=0} collectionUpdates=ExecutableList{size=0} collectionQueuedOps=ExecutableList{size=0} unresolvedInsertDependencies=null])]
2019-09-20 11:22:49.611 DEBUG 8480 --- [           main] o.s.orm.jpa.JpaTransactionManager        : Not closing pre-bound JPA EntityManager after transaction
2019-09-20 11:22:49.611 DEBUG 8480 --- [           main] o.s.t.web.servlet.TestDispatcherServlet  : Null ModelAndView returned to DispatcherServlet with name '': assuming HandlerAdapter completed request handling
2019-09-20 11:22:49.611 DEBUG 8480 --- [           main] o.j.s.OpenEntityManagerInViewInterceptor : Closing JPA EntityManager in OpenEntityManagerInViewInterceptor
2019-09-20 11:22:49.611 DEBUG 8480 --- [           main] o.s.orm.jpa.EntityManagerFactoryUtils    : Closing JPA EntityManager
2019-09-20 11:22:49.611 DEBUG 8480 --- [           main] o.s.t.web.servlet.TestDispatcherServlet  : Successfully completed request
2019-09-20 11:22:49.611 DEBUG 8480 --- [           main] o.s.b.w.s.f.OrderedRequestContextFilter  : Cleared thread-bound request context: org.springframework.mock.web.MockHttpServletRequest@74ebd159
2019-09-20 11:22:49.612 DEBUG 8480 --- [           main] c.DefaultCacheAwareContextLoaderDelegate : Retrieved ApplicationContext from cache with key [[WebMergedContextConfiguration@5fef0c19 testClass = TrackzillaControllerTest, locations = '{}', classes = '{class com.keysoft.bucktrackerjpa.BucktrackerJpaApplication}', contextInitializerClasses = '[]', activeProfiles = '{}', propertySourceLocations = '{}', propertySourceProperties = '{org.springframework.boot.test.context.SpringBootTestContextBootstrapper=true}', contextCustomizers = set[[ImportsContextCustomizer@2e6d76ba key = [org.springframework.boot.test.autoconfigure.web.servlet.MockMvcAutoConfiguration, org.springframework.boot.test.autoconfigure.web.servlet.MockMvcSecurityAutoConfiguration, org.springframework.boot.test.autoconfigure.web.servlet.MockMvcWebClientAutoConfiguration, org.springframework.boot.test.autoconfigure.web.servlet.MockMvcWebDriverAutoConfiguration]], org.springframework.boot.test.context.filter.ExcludeFilterContextCustomizer@382db087, org.springframework.boot.test.json.DuplicateJsonObjectContextCustomizerFactory$DuplicateJsonObjectContextCustomizer@5427c60c, org.springframework.boot.test.mock.mockito.MockitoContextCustomizer@0, org.springframework.boot.test.web.client.TestRestTemplateContextCustomizer@76b10754, org.springframework.boot.test.autoconfigure.properties.PropertyMappingContextCustomizer@e7e84f8, org.springframework.boot.test.autoconfigure.web.servlet.WebDriverContextCustomizerFactory$Customizer@1efee8e7], resourceBasePath = 'src/main/webapp', contextLoader = 'org.springframework.boot.test.context.SpringBootContextLoader', parent = [null]]]
2019-09-20 11:22:49.612 DEBUG 8480 --- [           main] org.springframework.test.context.cache   : Spring test ApplicationContext cache statistics: [DefaultContextCache@4052b19f size = 2, maxSize = 32, parentContextCount = 0, hitCount = 21, missCount = 2]
2019-09-20 11:22:49.612 DEBUG 8480 --- [           main] c.DefaultCacheAwareContextLoaderDelegate : Retrieved ApplicationContext from cache with key [[WebMergedContextConfiguration@5fef0c19 testClass = TrackzillaControllerTest, locations = '{}', classes = '{class com.keysoft.bucktrackerjpa.BucktrackerJpaApplication}', contextInitializerClasses = '[]', activeProfiles = '{}', propertySourceLocations = '{}', propertySourceProperties = '{org.springframework.boot.test.context.SpringBootTestContextBootstrapper=true}', contextCustomizers = set[[ImportsContextCustomizer@2e6d76ba key = [org.springframework.boot.test.autoconfigure.web.servlet.MockMvcAutoConfiguration, org.springframework.boot.test.autoconfigure.web.servlet.MockMvcSecurityAutoConfiguration, org.springframework.boot.test.autoconfigure.web.servlet.MockMvcWebClientAutoConfiguration, org.springframework.boot.test.autoconfigure.web.servlet.MockMvcWebDriverAutoConfiguration]], org.springframework.boot.test.context.filter.ExcludeFilterContextCustomizer@382db087, org.springframework.boot.test.json.DuplicateJsonObjectContextCustomizerFactory$DuplicateJsonObjectContextCustomizer@5427c60c, org.springframework.boot.test.mock.mockito.MockitoContextCustomizer@0, org.springframework.boot.test.web.client.TestRestTemplateContextCustomizer@76b10754, org.springframework.boot.test.autoconfigure.properties.PropertyMappingContextCustomizer@e7e84f8, org.springframework.boot.test.autoconfigure.web.servlet.WebDriverContextCustomizerFactory$Customizer@1efee8e7], resourceBasePath = 'src/main/webapp', contextLoader = 'org.springframework.boot.test.context.SpringBootContextLoader', parent = [null]]]
2019-09-20 11:22:49.612 DEBUG 8480 --- [           main] org.springframework.test.context.cache   : Spring test ApplicationContext cache statistics: [DefaultContextCache@4052b19f size = 2, maxSize = 32, parentContextCount = 0, hitCount = 22, missCount = 2]
2019-09-20 11:22:49.612 DEBUG 8480 --- [           main] o.s.b.f.s.DefaultListableBeanFactory     : Returning cached instance of singleton bean 'org.springframework.boot.test.autoconfigure.web.servlet.SpringBootMockMvcBuilderCustomizer$DeferredLinesWriter'

MockHttpServletRequest:
      HTTP Method = POST
      Request URI = /tza/application/
       Parameters = {}
          Headers = {Content-Type=[application/json;charset=UTF-8], Accept=[application/json]}
             Body = {"name":"Test Application","description":"A test application.","owner":"Kesha Williams"}
    Session Attrs = {}

Handler:
             Type = com.keysoft.bucktrackerjpa.controller.TrackzillaController
           Method = public org.springframework.http.ResponseEntity<java.lang.Void> com.keysoft.bucktrackerjpa.controller.TrackzillaController.addApplication(com.keysoft.bucktrackerjpa.entity.Application,org.springframework.web.util.UriComponentsBuilder)

Async:
    Async started = false
     Async result = null

Resolved Exception:
             Type = null

ModelAndView:
        View name = null
             View = null
            Model = null

FlashMap:
       Attributes = null

MockHttpServletResponse:
           Status = 201
    Error message = null
          Headers = {Location=[http://localhost/application/1]}
     Content type = null
             Body = 
    Forwarded URL = null
   Redirected URL = http://localhost/application/1
          Cookies = []

MockHttpServletRequest:
      HTTP Method = POST
      Request URI = /tza/application/
       Parameters = {}
          Headers = {Content-Type=[application/json;charset=UTF-8], Accept=[application/json]}
             Body = {"name":"Test Application","description":"A test application.","owner":"Kesha Williams"}
    Session Attrs = {}

Handler:
             Type = com.keysoft.bucktrackerjpa.controller.TrackzillaController
           Method = public org.springframework.http.ResponseEntity<java.lang.Void> com.keysoft.bucktrackerjpa.controller.TrackzillaController.addApplication(com.keysoft.bucktrackerjpa.entity.Application,org.springframework.web.util.UriComponentsBuilder)

Async:
    Async started = false
     Async result = null

Resolved Exception:
             Type = null

ModelAndView:
        View name = null
             View = null
            Model = null

FlashMap:
       Attributes = null

MockHttpServletResponse:
           Status = 409
    Error message = null
          Headers = {}
     Content type = null
             Body = 
    Forwarded URL = null
   Redirected URL = null
          Cookies = []

MockHttpServletRequest:
      HTTP Method = POST
      Request URI = /tza/application/
       Parameters = {}
          Headers = {Content-Type=[application/json;charset=UTF-8], Accept=[application/json]}
             Body = {"name":"Test Application","description":"A test application.","owner":"Kesha Williams"}
    Session Attrs = {}

Handler:
             Type = com.keysoft.bucktrackerjpa.controller.TrackzillaController
           Method = public org.springframework.http.ResponseEntity<java.lang.Void> com.keysoft.bucktrackerjpa.controller.TrackzillaController.addApplication(com.keysoft.bucktrackerjpa.entity.Application,org.springframework.web.util.UriComponentsBuilder)

Async:
    Async started = false
     Async result = null

Resolved Exception:
             Type = null

ModelAndView:
        View name = null
             View = null
            Model = null

FlashMap:
       Attributes = null

MockHttpServletResponse:
           Status = 409
    Error message = null
          Headers = {}
     Content type = null
             Body = 
    Forwarded URL = null
   Redirected URL = null
          Cookies = []
2019-09-20 11:22:49.613 DEBUG 8480 --- [           main] c.DefaultCacheAwareContextLoaderDelegate : Retrieved ApplicationContext from cache with key [[WebMergedContextConfiguration@5fef0c19 testClass = TrackzillaControllerTest, locations = '{}', classes = '{class com.keysoft.bucktrackerjpa.BucktrackerJpaApplication}', contextInitializerClasses = '[]', activeProfiles = '{}', propertySourceLocations = '{}', propertySourceProperties = '{org.springframework.boot.test.context.SpringBootTestContextBootstrapper=true}', contextCustomizers = set[[ImportsContextCustomizer@2e6d76ba key = [org.springframework.boot.test.autoconfigure.web.servlet.MockMvcAutoConfiguration, org.springframework.boot.test.autoconfigure.web.servlet.MockMvcSecurityAutoConfiguration, org.springframework.boot.test.autoconfigure.web.servlet.MockMvcWebClientAutoConfiguration, org.springframework.boot.test.autoconfigure.web.servlet.MockMvcWebDriverAutoConfiguration]], org.springframework.boot.test.context.filter.ExcludeFilterContextCustomizer@382db087, org.springframework.boot.test.json.DuplicateJsonObjectContextCustomizerFactory$DuplicateJsonObjectContextCustomizer@5427c60c, org.springframework.boot.test.mock.mockito.MockitoContextCustomizer@0, org.springframework.boot.test.web.client.TestRestTemplateContextCustomizer@76b10754, org.springframework.boot.test.autoconfigure.properties.PropertyMappingContextCustomizer@e7e84f8, org.springframework.boot.test.autoconfigure.web.servlet.WebDriverContextCustomizerFactory$Customizer@1efee8e7], resourceBasePath = 'src/main/webapp', contextLoader = 'org.springframework.boot.test.context.SpringBootContextLoader', parent = [null]]]
2019-09-20 11:22:49.613 DEBUG 8480 --- [           main] org.springframework.test.context.cache   : Spring test ApplicationContext cache statistics: [DefaultContextCache@4052b19f size = 2, maxSize = 32, parentContextCount = 0, hitCount = 23, missCount = 2]
2019-09-20 11:22:49.614 DEBUG 8480 --- [           main] c.DefaultCacheAwareContextLoaderDelegate : Retrieved ApplicationContext from cache with key [[WebMergedContextConfiguration@5fef0c19 testClass = TrackzillaControllerTest, locations = '{}', classes = '{class com.keysoft.bucktrackerjpa.BucktrackerJpaApplication}', contextInitializerClasses = '[]', activeProfiles = '{}', propertySourceLocations = '{}', propertySourceProperties = '{org.springframework.boot.test.context.SpringBootTestContextBootstrapper=true}', contextCustomizers = set[[ImportsContextCustomizer@2e6d76ba key = [org.springframework.boot.test.autoconfigure.web.servlet.MockMvcAutoConfiguration, org.springframework.boot.test.autoconfigure.web.servlet.MockMvcSecurityAutoConfiguration, org.springframework.boot.test.autoconfigure.web.servlet.MockMvcWebClientAutoConfiguration, org.springframework.boot.test.autoconfigure.web.servlet.MockMvcWebDriverAutoConfiguration]], org.springframework.boot.test.context.filter.ExcludeFilterContextCustomizer@382db087, org.springframework.boot.test.json.DuplicateJsonObjectContextCustomizerFactory$DuplicateJsonObjectContextCustomizer@5427c60c, org.springframework.boot.test.mock.mockito.MockitoContextCustomizer@0, org.springframework.boot.test.web.client.TestRestTemplateContextCustomizer@76b10754, org.springframework.boot.test.autoconfigure.properties.PropertyMappingContextCustomizer@e7e84f8, org.springframework.boot.test.autoconfigure.web.servlet.WebDriverContextCustomizerFactory$Customizer@1efee8e7], resourceBasePath = 'src/main/webapp', contextLoader = 'org.springframework.boot.test.context.SpringBootContextLoader', parent = [null]]]
2019-09-20 11:22:49.614 DEBUG 8480 --- [           main] org.springframework.test.context.cache   : Spring test ApplicationContext cache statistics: [DefaultContextCache@4052b19f size = 2, maxSize = 32, parentContextCount = 0, hitCount = 24, missCount = 2]
2019-09-20 11:22:49.614 DEBUG 8480 --- [           main] o.s.b.f.s.DefaultListableBeanFactory     : Returning cached instance of singleton bean 'org.springframework.boot.test.mock.mockito.MockitoBeans'
2019-09-20 11:22:49.614 DEBUG 8480 --- [           main] tractDirtiesContextTestExecutionListener : After test method: context [DefaultTestContext@256bb5be testClass = TrackzillaControllerTest, testInstance = com.keysoft.bucktrackerjpa.controller.TrackzillaControllerTest@24aedcc5, testMethod = addTicket@TrackzillaControllerTest, testException = java.lang.AssertionError: expected:<201> but was:<409>, mergedContextConfiguration = [WebMergedContextConfiguration@5fef0c19 testClass = TrackzillaControllerTest, locations = '{}', classes = '{class com.keysoft.bucktrackerjpa.BucktrackerJpaApplication}', contextInitializerClasses = '[]', activeProfiles = '{}', propertySourceLocations = '{}', propertySourceProperties = '{org.springframework.boot.test.context.SpringBootTestContextBootstrapper=true}', contextCustomizers = set[[ImportsContextCustomizer@2e6d76ba key = [org.springframework.boot.test.autoconfigure.web.servlet.MockMvcAutoConfiguration, org.springframework.boot.test.autoconfigure.web.servlet.MockMvcSecurityAutoConfiguration, org.springframework.boot.test.autoconfigure.web.servlet.MockMvcWebClientAutoConfiguration, org.springframework.boot.test.autoconfigure.web.servlet.MockMvcWebDriverAutoConfiguration]], org.springframework.boot.test.context.filter.ExcludeFilterContextCustomizer@382db087, org.springframework.boot.test.json.DuplicateJsonObjectContextCustomizerFactory$DuplicateJsonObjectContextCustomizer@5427c60c, org.springframework.boot.test.mock.mockito.MockitoContextCustomizer@0, org.springframework.boot.test.web.client.TestRestTemplateContextCustomizer@76b10754, org.springframework.boot.test.autoconfigure.properties.PropertyMappingContextCustomizer@e7e84f8, org.springframework.boot.test.autoconfigure.web.servlet.WebDriverContextCustomizerFactory$Customizer@1efee8e7], resourceBasePath = 'src/main/webapp', contextLoader = 'org.springframework.boot.test.context.SpringBootContextLoader', parent = [null]], attributes = map['org.springframework.test.context.web.ServletTestExecutionListener.activateListener' -> true, 'org.springframework.test.context.web.ServletTestExecutionListener.populatedRequestContextHolder' -> true, 'org.springframework.test.context.web.ServletTestExecutionListener.resetRequestContextHolder' -> true]], class annotated with @DirtiesContext [false] with mode [null], method annotated with @DirtiesContext [false] with mode [null].
2019-09-20 11:22:49.614 DEBUG 8480 --- [           main] o.s.t.c.w.ServletTestExecutionListener   : Resetting RequestContextHolder for test context [DefaultTestContext@256bb5be testClass = TrackzillaControllerTest, testInstance = com.keysoft.bucktrackerjpa.controller.TrackzillaControllerTest@24aedcc5, testMethod = addTicket@TrackzillaControllerTest, testException = java.lang.AssertionError: expected:<201> but was:<409>, mergedContextConfiguration = [WebMergedContextConfiguration@5fef0c19 testClass = TrackzillaControllerTest, locations = '{}', classes = '{class com.keysoft.bucktrackerjpa.BucktrackerJpaApplication}', contextInitializerClasses = '[]', activeProfiles = '{}', propertySourceLocations = '{}', propertySourceProperties = '{org.springframework.boot.test.context.SpringBootTestContextBootstrapper=true}', contextCustomizers = set[[ImportsContextCustomizer@2e6d76ba key = [org.springframework.boot.test.autoconfigure.web.servlet.MockMvcAutoConfiguration, org.springframework.boot.test.autoconfigure.web.servlet.MockMvcSecurityAutoConfiguration, org.springframework.boot.test.autoconfigure.web.servlet.MockMvcWebClientAutoConfiguration, org.springframework.boot.test.autoconfigure.web.servlet.MockMvcWebDriverAutoConfiguration]], org.springframework.boot.test.context.filter.ExcludeFilterContextCustomizer@382db087, org.springframework.boot.test.json.DuplicateJsonObjectContextCustomizerFactory$DuplicateJsonObjectContextCustomizer@5427c60c, org.springframework.boot.test.mock.mockito.MockitoContextCustomizer@0, org.springframework.boot.test.web.client.TestRestTemplateContextCustomizer@76b10754, org.springframework.boot.test.autoconfigure.properties.PropertyMappingContextCustomizer@e7e84f8, org.springframework.boot.test.autoconfigure.web.servlet.WebDriverContextCustomizerFactory$Customizer@1efee8e7], resourceBasePath = 'src/main/webapp', contextLoader = 'org.springframework.boot.test.context.SpringBootContextLoader', parent = [null]], attributes = map['org.springframework.test.context.web.ServletTestExecutionListener.activateListener' -> true, 'org.springframework.test.context.web.ServletTestExecutionListener.populatedRequestContextHolder' -> true, 'org.springframework.test.context.web.ServletTestExecutionListener.resetRequestContextHolder' -> true]].
]]></system-out>
  </testcase>
  <testcase name="updateApplication" classname="com.keysoft.bucktrackerjpa.controller.TrackzillaControllerTest" time="0.001">
    <failure message="expected:&lt;201&gt; but was:&lt;409&gt;" type="java.lang.AssertionError"><![CDATA[java.lang.AssertionError: expected:<201> but was:<409>
	at com.keysoft.bucktrackerjpa.controller.TrackzillaControllerTest.addApplication(TrackzillaControllerTest.java:43)
	at com.keysoft.bucktrackerjpa.controller.TrackzillaControllerTest.updateApplication(TrackzillaControllerTest.java:70)
]]></failure>
    <system-out><![CDATA[2019-09-20 11:22:49.615 DEBUG 8480 --- [           main] o.s.test.annotation.ProfileValueUtils    : Retrieved @ProfileValueSourceConfiguration [null] for test class [com.keysoft.bucktrackerjpa.controller.TrackzillaControllerTest]
2019-09-20 11:22:49.615 DEBUG 8480 --- [           main] o.s.test.annotation.ProfileValueUtils    : Retrieved ProfileValueSource type [class org.springframework.test.annotation.SystemProfileValueSource] for class [com.keysoft.bucktrackerjpa.controller.TrackzillaControllerTest]
2019-09-20 11:22:49.615 DEBUG 8480 --- [           main] c.DefaultCacheAwareContextLoaderDelegate : Retrieved ApplicationContext from cache with key [[WebMergedContextConfiguration@5fef0c19 testClass = TrackzillaControllerTest, locations = '{}', classes = '{class com.keysoft.bucktrackerjpa.BucktrackerJpaApplication}', contextInitializerClasses = '[]', activeProfiles = '{}', propertySourceLocations = '{}', propertySourceProperties = '{org.springframework.boot.test.context.SpringBootTestContextBootstrapper=true}', contextCustomizers = set[[ImportsContextCustomizer@2e6d76ba key = [org.springframework.boot.test.autoconfigure.web.servlet.MockMvcAutoConfiguration, org.springframework.boot.test.autoconfigure.web.servlet.MockMvcSecurityAutoConfiguration, org.springframework.boot.test.autoconfigure.web.servlet.MockMvcWebClientAutoConfiguration, org.springframework.boot.test.autoconfigure.web.servlet.MockMvcWebDriverAutoConfiguration]], org.springframework.boot.test.context.filter.ExcludeFilterContextCustomizer@382db087, org.springframework.boot.test.json.DuplicateJsonObjectContextCustomizerFactory$DuplicateJsonObjectContextCustomizer@5427c60c, org.springframework.boot.test.mock.mockito.MockitoContextCustomizer@0, org.springframework.boot.test.web.client.TestRestTemplateContextCustomizer@76b10754, org.springframework.boot.test.autoconfigure.properties.PropertyMappingContextCustomizer@e7e84f8, org.springframework.boot.test.autoconfigure.web.servlet.WebDriverContextCustomizerFactory$Customizer@1efee8e7], resourceBasePath = 'src/main/webapp', contextLoader = 'org.springframework.boot.test.context.SpringBootContextLoader', parent = [null]]]
2019-09-20 11:22:49.615 DEBUG 8480 --- [           main] org.springframework.test.context.cache   : Spring test ApplicationContext cache statistics: [DefaultContextCache@4052b19f size = 2, maxSize = 32, parentContextCount = 0, hitCount = 25, missCount = 2]
2019-09-20 11:22:49.615 DEBUG 8480 --- [           main] o.s.t.c.w.ServletTestExecutionListener   : Setting up MockHttpServletRequest, MockHttpServletResponse, ServletWebRequest, and RequestContextHolder for test context [DefaultTestContext@256bb5be testClass = TrackzillaControllerTest, testInstance = com.keysoft.bucktrackerjpa.controller.TrackzillaControllerTest@5f5c187d, testMethod = [null], testException = [null], mergedContextConfiguration = [WebMergedContextConfiguration@5fef0c19 testClass = TrackzillaControllerTest, locations = '{}', classes = '{class com.keysoft.bucktrackerjpa.BucktrackerJpaApplication}', contextInitializerClasses = '[]', activeProfiles = '{}', propertySourceLocations = '{}', propertySourceProperties = '{org.springframework.boot.test.context.SpringBootTestContextBootstrapper=true}', contextCustomizers = set[[ImportsContextCustomizer@2e6d76ba key = [org.springframework.boot.test.autoconfigure.web.servlet.MockMvcAutoConfiguration, org.springframework.boot.test.autoconfigure.web.servlet.MockMvcSecurityAutoConfiguration, org.springframework.boot.test.autoconfigure.web.servlet.MockMvcWebClientAutoConfiguration, org.springframework.boot.test.autoconfigure.web.servlet.MockMvcWebDriverAutoConfiguration]], org.springframework.boot.test.context.filter.ExcludeFilterContextCustomizer@382db087, org.springframework.boot.test.json.DuplicateJsonObjectContextCustomizerFactory$DuplicateJsonObjectContextCustomizer@5427c60c, org.springframework.boot.test.mock.mockito.MockitoContextCustomizer@0, org.springframework.boot.test.web.client.TestRestTemplateContextCustomizer@76b10754, org.springframework.boot.test.autoconfigure.properties.PropertyMappingContextCustomizer@e7e84f8, org.springframework.boot.test.autoconfigure.web.servlet.WebDriverContextCustomizerFactory$Customizer@1efee8e7], resourceBasePath = 'src/main/webapp', contextLoader = 'org.springframework.boot.test.context.SpringBootContextLoader', parent = [null]], attributes = map['org.springframework.test.context.web.ServletTestExecutionListener.activateListener' -> true, 'org.springframework.test.context.support.DependencyInjectionTestExecutionListener.reinjectDependencies' -> true]].
2019-09-20 11:22:49.615 DEBUG 8480 --- [           main] DependencyInjectionTestExecutionListener : Performing dependency injection for test context [[DefaultTestContext@256bb5be testClass = TrackzillaControllerTest, testInstance = com.keysoft.bucktrackerjpa.controller.TrackzillaControllerTest@5f5c187d, testMethod = [null], testException = [null], mergedContextConfiguration = [WebMergedContextConfiguration@5fef0c19 testClass = TrackzillaControllerTest, locations = '{}', classes = '{class com.keysoft.bucktrackerjpa.BucktrackerJpaApplication}', contextInitializerClasses = '[]', activeProfiles = '{}', propertySourceLocations = '{}', propertySourceProperties = '{org.springframework.boot.test.context.SpringBootTestContextBootstrapper=true}', contextCustomizers = set[[ImportsContextCustomizer@2e6d76ba key = [org.springframework.boot.test.autoconfigure.web.servlet.MockMvcAutoConfiguration, org.springframework.boot.test.autoconfigure.web.servlet.MockMvcSecurityAutoConfiguration, org.springframework.boot.test.autoconfigure.web.servlet.MockMvcWebClientAutoConfiguration, org.springframework.boot.test.autoconfigure.web.servlet.MockMvcWebDriverAutoConfiguration]], org.springframework.boot.test.context.filter.ExcludeFilterContextCustomizer@382db087, org.springframework.boot.test.json.DuplicateJsonObjectContextCustomizerFactory$DuplicateJsonObjectContextCustomizer@5427c60c, org.springframework.boot.test.mock.mockito.MockitoContextCustomizer@0, org.springframework.boot.test.web.client.TestRestTemplateContextCustomizer@76b10754, org.springframework.boot.test.autoconfigure.properties.PropertyMappingContextCustomizer@e7e84f8, org.springframework.boot.test.autoconfigure.web.servlet.WebDriverContextCustomizerFactory$Customizer@1efee8e7], resourceBasePath = 'src/main/webapp', contextLoader = 'org.springframework.boot.test.context.SpringBootContextLoader', parent = [null]], attributes = map['org.springframework.test.context.web.ServletTestExecutionListener.activateListener' -> true, 'org.springframework.test.context.web.ServletTestExecutionListener.populatedRequestContextHolder' -> true, 'org.springframework.test.context.web.ServletTestExecutionListener.resetRequestContextHolder' -> true, 'org.springframework.test.context.support.DependencyInjectionTestExecutionListener.reinjectDependencies' -> true]]].
2019-09-20 11:22:49.615 DEBUG 8480 --- [           main] c.DefaultCacheAwareContextLoaderDelegate : Retrieved ApplicationContext from cache with key [[WebMergedContextConfiguration@5fef0c19 testClass = TrackzillaControllerTest, locations = '{}', classes = '{class com.keysoft.bucktrackerjpa.BucktrackerJpaApplication}', contextInitializerClasses = '[]', activeProfiles = '{}', propertySourceLocations = '{}', propertySourceProperties = '{org.springframework.boot.test.context.SpringBootTestContextBootstrapper=true}', contextCustomizers = set[[ImportsContextCustomizer@2e6d76ba key = [org.springframework.boot.test.autoconfigure.web.servlet.MockMvcAutoConfiguration, org.springframework.boot.test.autoconfigure.web.servlet.MockMvcSecurityAutoConfiguration, org.springframework.boot.test.autoconfigure.web.servlet.MockMvcWebClientAutoConfiguration, org.springframework.boot.test.autoconfigure.web.servlet.MockMvcWebDriverAutoConfiguration]], org.springframework.boot.test.context.filter.ExcludeFilterContextCustomizer@382db087, org.springframework.boot.test.json.DuplicateJsonObjectContextCustomizerFactory$DuplicateJsonObjectContextCustomizer@5427c60c, org.springframework.boot.test.mock.mockito.MockitoContextCustomizer@0, org.springframework.boot.test.web.client.TestRestTemplateContextCustomizer@76b10754, org.springframework.boot.test.autoconfigure.properties.PropertyMappingContextCustomizer@e7e84f8, org.springframework.boot.test.autoconfigure.web.servlet.WebDriverContextCustomizerFactory$Customizer@1efee8e7], resourceBasePath = 'src/main/webapp', contextLoader = 'org.springframework.boot.test.context.SpringBootContextLoader', parent = [null]]]
2019-09-20 11:22:49.615 DEBUG 8480 --- [           main] org.springframework.test.context.cache   : Spring test ApplicationContext cache statistics: [DefaultContextCache@4052b19f size = 2, maxSize = 32, parentContextCount = 0, hitCount = 26, missCount = 2]
2019-09-20 11:22:49.615 DEBUG 8480 --- [           main] o.s.b.f.annotation.InjectionMetadata     : Processing injected element of bean 'com.keysoft.bucktrackerjpa.controller.TrackzillaControllerTest': AutowiredFieldElement for private org.springframework.test.web.servlet.MockMvc com.keysoft.bucktrackerjpa.controller.TrackzillaControllerTest.mockMvc
2019-09-20 11:22:49.615 DEBUG 8480 --- [           main] o.s.core.annotation.AnnotationUtils      : Failed to meta-introspect annotation interface org.springframework.beans.factory.annotation.Autowired: java.lang.NullPointerException
2019-09-20 11:22:49.615 DEBUG 8480 --- [           main] o.s.b.f.s.DefaultListableBeanFactory     : Returning cached instance of singleton bean 'mockMvc'
2019-09-20 11:22:49.616 DEBUG 8480 --- [           main] tractDirtiesContextTestExecutionListener : Before test method: context [DefaultTestContext@256bb5be testClass = TrackzillaControllerTest, testInstance = com.keysoft.bucktrackerjpa.controller.TrackzillaControllerTest@5f5c187d, testMethod = updateApplication@TrackzillaControllerTest, testException = [null], mergedContextConfiguration = [WebMergedContextConfiguration@5fef0c19 testClass = TrackzillaControllerTest, locations = '{}', classes = '{class com.keysoft.bucktrackerjpa.BucktrackerJpaApplication}', contextInitializerClasses = '[]', activeProfiles = '{}', propertySourceLocations = '{}', propertySourceProperties = '{org.springframework.boot.test.context.SpringBootTestContextBootstrapper=true}', contextCustomizers = set[[ImportsContextCustomizer@2e6d76ba key = [org.springframework.boot.test.autoconfigure.web.servlet.MockMvcAutoConfiguration, org.springframework.boot.test.autoconfigure.web.servlet.MockMvcSecurityAutoConfiguration, org.springframework.boot.test.autoconfigure.web.servlet.MockMvcWebClientAutoConfiguration, org.springframework.boot.test.autoconfigure.web.servlet.MockMvcWebDriverAutoConfiguration]], org.springframework.boot.test.context.filter.ExcludeFilterContextCustomizer@382db087, org.springframework.boot.test.json.DuplicateJsonObjectContextCustomizerFactory$DuplicateJsonObjectContextCustomizer@5427c60c, org.springframework.boot.test.mock.mockito.MockitoContextCustomizer@0, org.springframework.boot.test.web.client.TestRestTemplateContextCustomizer@76b10754, org.springframework.boot.test.autoconfigure.properties.PropertyMappingContextCustomizer@e7e84f8, org.springframework.boot.test.autoconfigure.web.servlet.WebDriverContextCustomizerFactory$Customizer@1efee8e7], resourceBasePath = 'src/main/webapp', contextLoader = 'org.springframework.boot.test.context.SpringBootContextLoader', parent = [null]], attributes = map['org.springframework.test.context.web.ServletTestExecutionListener.activateListener' -> true, 'org.springframework.test.context.web.ServletTestExecutionListener.populatedRequestContextHolder' -> true, 'org.springframework.test.context.web.ServletTestExecutionListener.resetRequestContextHolder' -> true]], class annotated with @DirtiesContext [false] with mode [null], method annotated with @DirtiesContext [false] with mode [null].
2019-09-20 11:22:49.617 DEBUG 8480 --- [           main] c.DefaultCacheAwareContextLoaderDelegate : Retrieved ApplicationContext from cache with key [[WebMergedContextConfiguration@5fef0c19 testClass = TrackzillaControllerTest, locations = '{}', classes = '{class com.keysoft.bucktrackerjpa.BucktrackerJpaApplication}', contextInitializerClasses = '[]', activeProfiles = '{}', propertySourceLocations = '{}', propertySourceProperties = '{org.springframework.boot.test.context.SpringBootTestContextBootstrapper=true}', contextCustomizers = set[[ImportsContextCustomizer@2e6d76ba key = [org.springframework.boot.test.autoconfigure.web.servlet.MockMvcAutoConfiguration, org.springframework.boot.test.autoconfigure.web.servlet.MockMvcSecurityAutoConfiguration, org.springframework.boot.test.autoconfigure.web.servlet.MockMvcWebClientAutoConfiguration, org.springframework.boot.test.autoconfigure.web.servlet.MockMvcWebDriverAutoConfiguration]], org.springframework.boot.test.context.filter.ExcludeFilterContextCustomizer@382db087, org.springframework.boot.test.json.DuplicateJsonObjectContextCustomizerFactory$DuplicateJsonObjectContextCustomizer@5427c60c, org.springframework.boot.test.mock.mockito.MockitoContextCustomizer@0, org.springframework.boot.test.web.client.TestRestTemplateContextCustomizer@76b10754, org.springframework.boot.test.autoconfigure.properties.PropertyMappingContextCustomizer@e7e84f8, org.springframework.boot.test.autoconfigure.web.servlet.WebDriverContextCustomizerFactory$Customizer@1efee8e7], resourceBasePath = 'src/main/webapp', contextLoader = 'org.springframework.boot.test.context.SpringBootContextLoader', parent = [null]]]
2019-09-20 11:22:49.617 DEBUG 8480 --- [           main] org.springframework.test.context.cache   : Spring test ApplicationContext cache statistics: [DefaultContextCache@4052b19f size = 2, maxSize = 32, parentContextCount = 0, hitCount = 27, missCount = 2]
2019-09-20 11:22:49.617 DEBUG 8480 --- [           main] o.s.b.f.s.DefaultListableBeanFactory     : Returning cached instance of singleton bean 'org.springframework.boot.test.mock.mockito.MockitoBeans'
2019-09-20 11:22:49.618 DEBUG 8480 --- [           main] o.s.b.w.s.f.OrderedRequestContextFilter  : Bound request context to thread: org.springframework.mock.web.MockHttpServletRequest@464400b3
2019-09-20 11:22:49.618 DEBUG 8480 --- [           main] o.s.t.web.servlet.TestDispatcherServlet  : DispatcherServlet with name '' processing POST request for [/tza/application/]
2019-09-20 11:22:49.618 DEBUG 8480 --- [           main] s.w.s.m.m.a.RequestMappingHandlerMapping : Looking up handler method for path /tza/application/
2019-09-20 11:22:49.618 DEBUG 8480 --- [           main] s.w.s.m.m.a.RequestMappingHandlerMapping : Returning handler method [public org.springframework.http.ResponseEntity<java.lang.Void> com.keysoft.bucktrackerjpa.controller.TrackzillaController.addApplication(com.keysoft.bucktrackerjpa.entity.Application,org.springframework.web.util.UriComponentsBuilder)]
2019-09-20 11:22:49.618 DEBUG 8480 --- [           main] o.s.b.f.s.DefaultListableBeanFactory     : Returning cached instance of singleton bean 'trackzillaController'
2019-09-20 11:22:49.618 DEBUG 8480 --- [           main] o.j.s.OpenEntityManagerInViewInterceptor : Opening JPA EntityManager in OpenEntityManagerInViewInterceptor
2019-09-20 11:22:49.619 DEBUG 8480 --- [           main] m.m.a.RequestResponseBodyMethodProcessor : Read [class com.keysoft.bucktrackerjpa.entity.Application] as "application/json;charset=UTF-8" with [org.springframework.http.converter.json.MappingJackson2HttpMessageConverter@1e721583]
2019-09-20 11:22:49.619 DEBUG 8480 --- [           main] o.s.core.annotation.AnnotationUtils      : Failed to meta-introspect annotation interface org.springframework.web.bind.annotation.RequestBody: java.lang.NullPointerException
2019-09-20 11:22:49.620 DEBUG 8480 --- [           main] o.s.orm.jpa.JpaTransactionManager        : Found thread-bound EntityManager [SessionImpl(PersistenceContext[entityKeys=[],collectionKeys=[]];ActionQueue[insertions=ExecutableList{size=0} updates=ExecutableList{size=0} deletions=ExecutableList{size=0} orphanRemovals=ExecutableList{size=0} collectionCreations=ExecutableList{size=0} collectionRemovals=ExecutableList{size=0} collectionUpdates=ExecutableList{size=0} collectionQueuedOps=ExecutableList{size=0} unresolvedInsertDependencies=null])] for JPA transaction
2019-09-20 11:22:49.620 DEBUG 8480 --- [           main] o.s.orm.jpa.JpaTransactionManager        : Creating new transaction with name [com.keysoft.bucktrackerjpa.dao.ApplicationDAO.applicationExists]: PROPAGATION_REQUIRED,ISOLATION_DEFAULT
2019-09-20 11:22:49.620 DEBUG 8480 --- [           main] o.s.orm.jpa.JpaTransactionManager        : Exposing JPA transaction as JDBC transaction [org.springframework.orm.jpa.vendor.HibernateJpaDialect$HibernateConnectionHandle@37d6dddc]
Hibernate: select applicatio0_.application_id as applicat1_0_, applicatio0_.description as descript2_0_, applicatio0_.app_name as app_name3_0_, applicatio0_.owner as owner4_0_ from applications applicatio0_ where applicatio0_.app_name=? and applicatio0_.owner=?
2019-09-20 11:22:49.620 DEBUG 8480 --- [           main] o.s.orm.jpa.JpaTransactionManager        : Initiating transaction commit
2019-09-20 11:22:49.620 DEBUG 8480 --- [           main] o.s.orm.jpa.JpaTransactionManager        : Committing JPA transaction on EntityManager [SessionImpl(PersistenceContext[entityKeys=[EntityKey[com.keysoft.bucktrackerjpa.entity.Application#1]],collectionKeys=[]];ActionQueue[insertions=ExecutableList{size=0} updates=ExecutableList{size=0} deletions=ExecutableList{size=0} orphanRemovals=ExecutableList{size=0} collectionCreations=ExecutableList{size=0} collectionRemovals=ExecutableList{size=0} collectionUpdates=ExecutableList{size=0} collectionQueuedOps=ExecutableList{size=0} unresolvedInsertDependencies=null])]
2019-09-20 11:22:49.620 DEBUG 8480 --- [           main] o.s.orm.jpa.JpaTransactionManager        : Not closing pre-bound JPA EntityManager after transaction
2019-09-20 11:22:49.621 DEBUG 8480 --- [           main] o.s.t.web.servlet.TestDispatcherServlet  : Null ModelAndView returned to DispatcherServlet with name '': assuming HandlerAdapter completed request handling
2019-09-20 11:22:49.621 DEBUG 8480 --- [           main] o.j.s.OpenEntityManagerInViewInterceptor : Closing JPA EntityManager in OpenEntityManagerInViewInterceptor
2019-09-20 11:22:49.621 DEBUG 8480 --- [           main] o.s.orm.jpa.EntityManagerFactoryUtils    : Closing JPA EntityManager
2019-09-20 11:22:49.621 DEBUG 8480 --- [           main] o.s.t.web.servlet.TestDispatcherServlet  : Successfully completed request
2019-09-20 11:22:49.621 DEBUG 8480 --- [           main] o.s.b.w.s.f.OrderedRequestContextFilter  : Cleared thread-bound request context: org.springframework.mock.web.MockHttpServletRequest@464400b3
2019-09-20 11:22:49.622 DEBUG 8480 --- [           main] c.DefaultCacheAwareContextLoaderDelegate : Retrieved ApplicationContext from cache with key [[WebMergedContextConfiguration@5fef0c19 testClass = TrackzillaControllerTest, locations = '{}', classes = '{class com.keysoft.bucktrackerjpa.BucktrackerJpaApplication}', contextInitializerClasses = '[]', activeProfiles = '{}', propertySourceLocations = '{}', propertySourceProperties = '{org.springframework.boot.test.context.SpringBootTestContextBootstrapper=true}', contextCustomizers = set[[ImportsContextCustomizer@2e6d76ba key = [org.springframework.boot.test.autoconfigure.web.servlet.MockMvcAutoConfiguration, org.springframework.boot.test.autoconfigure.web.servlet.MockMvcSecurityAutoConfiguration, org.springframework.boot.test.autoconfigure.web.servlet.MockMvcWebClientAutoConfiguration, org.springframework.boot.test.autoconfigure.web.servlet.MockMvcWebDriverAutoConfiguration]], org.springframework.boot.test.context.filter.ExcludeFilterContextCustomizer@382db087, org.springframework.boot.test.json.DuplicateJsonObjectContextCustomizerFactory$DuplicateJsonObjectContextCustomizer@5427c60c, org.springframework.boot.test.mock.mockito.MockitoContextCustomizer@0, org.springframework.boot.test.web.client.TestRestTemplateContextCustomizer@76b10754, org.springframework.boot.test.autoconfigure.properties.PropertyMappingContextCustomizer@e7e84f8, org.springframework.boot.test.autoconfigure.web.servlet.WebDriverContextCustomizerFactory$Customizer@1efee8e7], resourceBasePath = 'src/main/webapp', contextLoader = 'org.springframework.boot.test.context.SpringBootContextLoader', parent = [null]]]
2019-09-20 11:22:49.622 DEBUG 8480 --- [           main] org.springframework.test.context.cache   : Spring test ApplicationContext cache statistics: [DefaultContextCache@4052b19f size = 2, maxSize = 32, parentContextCount = 0, hitCount = 28, missCount = 2]
2019-09-20 11:22:49.622 DEBUG 8480 --- [           main] c.DefaultCacheAwareContextLoaderDelegate : Retrieved ApplicationContext from cache with key [[WebMergedContextConfiguration@5fef0c19 testClass = TrackzillaControllerTest, locations = '{}', classes = '{class com.keysoft.bucktrackerjpa.BucktrackerJpaApplication}', contextInitializerClasses = '[]', activeProfiles = '{}', propertySourceLocations = '{}', propertySourceProperties = '{org.springframework.boot.test.context.SpringBootTestContextBootstrapper=true}', contextCustomizers = set[[ImportsContextCustomizer@2e6d76ba key = [org.springframework.boot.test.autoconfigure.web.servlet.MockMvcAutoConfiguration, org.springframework.boot.test.autoconfigure.web.servlet.MockMvcSecurityAutoConfiguration, org.springframework.boot.test.autoconfigure.web.servlet.MockMvcWebClientAutoConfiguration, org.springframework.boot.test.autoconfigure.web.servlet.MockMvcWebDriverAutoConfiguration]], org.springframework.boot.test.context.filter.ExcludeFilterContextCustomizer@382db087, org.springframework.boot.test.json.DuplicateJsonObjectContextCustomizerFactory$DuplicateJsonObjectContextCustomizer@5427c60c, org.springframework.boot.test.mock.mockito.MockitoContextCustomizer@0, org.springframework.boot.test.web.client.TestRestTemplateContextCustomizer@76b10754, org.springframework.boot.test.autoconfigure.properties.PropertyMappingContextCustomizer@e7e84f8, org.springframework.boot.test.autoconfigure.web.servlet.WebDriverContextCustomizerFactory$Customizer@1efee8e7], resourceBasePath = 'src/main/webapp', contextLoader = 'org.springframework.boot.test.context.SpringBootContextLoader', parent = [null]]]
2019-09-20 11:22:49.622 DEBUG 8480 --- [           main] org.springframework.test.context.cache   : Spring test ApplicationContext cache statistics: [DefaultContextCache@4052b19f size = 2, maxSize = 32, parentContextCount = 0, hitCount = 29, missCount = 2]
2019-09-20 11:22:49.622 DEBUG 8480 --- [           main] o.s.b.f.s.DefaultListableBeanFactory     : Returning cached instance of singleton bean 'org.springframework.boot.test.autoconfigure.web.servlet.SpringBootMockMvcBuilderCustomizer$DeferredLinesWriter'

MockHttpServletRequest:
      HTTP Method = POST
      Request URI = /tza/application/
       Parameters = {}
          Headers = {Content-Type=[application/json;charset=UTF-8], Accept=[application/json]}
             Body = {"name":"Test Application","description":"A test application.","owner":"Kesha Williams"}
    Session Attrs = {}

Handler:
             Type = com.keysoft.bucktrackerjpa.controller.TrackzillaController
           Method = public org.springframework.http.ResponseEntity<java.lang.Void> com.keysoft.bucktrackerjpa.controller.TrackzillaController.addApplication(com.keysoft.bucktrackerjpa.entity.Application,org.springframework.web.util.UriComponentsBuilder)

Async:
    Async started = false
     Async result = null

Resolved Exception:
             Type = null

ModelAndView:
        View name = null
             View = null
            Model = null

FlashMap:
       Attributes = null

MockHttpServletResponse:
           Status = 201
    Error message = null
          Headers = {Location=[http://localhost/application/1]}
     Content type = null
             Body = 
    Forwarded URL = null
   Redirected URL = http://localhost/application/1
          Cookies = []

MockHttpServletRequest:
      HTTP Method = POST
      Request URI = /tza/application/
       Parameters = {}
          Headers = {Content-Type=[application/json;charset=UTF-8], Accept=[application/json]}
             Body = {"name":"Test Application","description":"A test application.","owner":"Kesha Williams"}
    Session Attrs = {}

Handler:
             Type = com.keysoft.bucktrackerjpa.controller.TrackzillaController
           Method = public org.springframework.http.ResponseEntity<java.lang.Void> com.keysoft.bucktrackerjpa.controller.TrackzillaController.addApplication(com.keysoft.bucktrackerjpa.entity.Application,org.springframework.web.util.UriComponentsBuilder)

Async:
    Async started = false
     Async result = null

Resolved Exception:
             Type = null

ModelAndView:
        View name = null
             View = null
            Model = null

FlashMap:
       Attributes = null

MockHttpServletResponse:
           Status = 409
    Error message = null
          Headers = {}
     Content type = null
             Body = 
    Forwarded URL = null
   Redirected URL = null
          Cookies = []

MockHttpServletRequest:
      HTTP Method = POST
      Request URI = /tza/application/
       Parameters = {}
          Headers = {Content-Type=[application/json;charset=UTF-8], Accept=[application/json]}
             Body = {"name":"Test Application","description":"A test application.","owner":"Kesha Williams"}
    Session Attrs = {}

Handler:
             Type = com.keysoft.bucktrackerjpa.controller.TrackzillaController
           Method = public org.springframework.http.ResponseEntity<java.lang.Void> com.keysoft.bucktrackerjpa.controller.TrackzillaController.addApplication(com.keysoft.bucktrackerjpa.entity.Application,org.springframework.web.util.UriComponentsBuilder)

Async:
    Async started = false
     Async result = null

Resolved Exception:
             Type = null

ModelAndView:
        View name = null
             View = null
            Model = null

FlashMap:
       Attributes = null

MockHttpServletResponse:
           Status = 409
    Error message = null
          Headers = {}
     Content type = null
             Body = 
    Forwarded URL = null
   Redirected URL = null
          Cookies = []

MockHttpServletRequest:
      HTTP Method = POST
      Request URI = /tza/application/
       Parameters = {}
          Headers = {Content-Type=[application/json;charset=UTF-8], Accept=[application/json]}
             Body = {"name":"Test Application","description":"A test application.","owner":"Kesha Williams"}
    Session Attrs = {}

Handler:
             Type = com.keysoft.bucktrackerjpa.controller.TrackzillaController
           Method = public org.springframework.http.ResponseEntity<java.lang.Void> com.keysoft.bucktrackerjpa.controller.TrackzillaController.addApplication(com.keysoft.bucktrackerjpa.entity.Application,org.springframework.web.util.UriComponentsBuilder)

Async:
    Async started = false
     Async result = null

Resolved Exception:
             Type = null

ModelAndView:
        View name = null
             View = null
            Model = null

FlashMap:
       Attributes = null

MockHttpServletResponse:
           Status = 409
    Error message = null
          Headers = {}
     Content type = null
             Body = 
    Forwarded URL = null
   Redirected URL = null
          Cookies = []
2019-09-20 11:22:49.622 DEBUG 8480 --- [           main] c.DefaultCacheAwareContextLoaderDelegate : Retrieved ApplicationContext from cache with key [[WebMergedContextConfiguration@5fef0c19 testClass = TrackzillaControllerTest, locations = '{}', classes = '{class com.keysoft.bucktrackerjpa.BucktrackerJpaApplication}', contextInitializerClasses = '[]', activeProfiles = '{}', propertySourceLocations = '{}', propertySourceProperties = '{org.springframework.boot.test.context.SpringBootTestContextBootstrapper=true}', contextCustomizers = set[[ImportsContextCustomizer@2e6d76ba key = [org.springframework.boot.test.autoconfigure.web.servlet.MockMvcAutoConfiguration, org.springframework.boot.test.autoconfigure.web.servlet.MockMvcSecurityAutoConfiguration, org.springframework.boot.test.autoconfigure.web.servlet.MockMvcWebClientAutoConfiguration, org.springframework.boot.test.autoconfigure.web.servlet.MockMvcWebDriverAutoConfiguration]], org.springframework.boot.test.context.filter.ExcludeFilterContextCustomizer@382db087, org.springframework.boot.test.json.DuplicateJsonObjectContextCustomizerFactory$DuplicateJsonObjectContextCustomizer@5427c60c, org.springframework.boot.test.mock.mockito.MockitoContextCustomizer@0, org.springframework.boot.test.web.client.TestRestTemplateContextCustomizer@76b10754, org.springframework.boot.test.autoconfigure.properties.PropertyMappingContextCustomizer@e7e84f8, org.springframework.boot.test.autoconfigure.web.servlet.WebDriverContextCustomizerFactory$Customizer@1efee8e7], resourceBasePath = 'src/main/webapp', contextLoader = 'org.springframework.boot.test.context.SpringBootContextLoader', parent = [null]]]
2019-09-20 11:22:49.622 DEBUG 8480 --- [           main] org.springframework.test.context.cache   : Spring test ApplicationContext cache statistics: [DefaultContextCache@4052b19f size = 2, maxSize = 32, parentContextCount = 0, hitCount = 30, missCount = 2]
2019-09-20 11:22:49.624 DEBUG 8480 --- [           main] c.DefaultCacheAwareContextLoaderDelegate : Retrieved ApplicationContext from cache with key [[WebMergedContextConfiguration@5fef0c19 testClass = TrackzillaControllerTest, locations = '{}', classes = '{class com.keysoft.bucktrackerjpa.BucktrackerJpaApplication}', contextInitializerClasses = '[]', activeProfiles = '{}', propertySourceLocations = '{}', propertySourceProperties = '{org.springframework.boot.test.context.SpringBootTestContextBootstrapper=true}', contextCustomizers = set[[ImportsContextCustomizer@2e6d76ba key = [org.springframework.boot.test.autoconfigure.web.servlet.MockMvcAutoConfiguration, org.springframework.boot.test.autoconfigure.web.servlet.MockMvcSecurityAutoConfiguration, org.springframework.boot.test.autoconfigure.web.servlet.MockMvcWebClientAutoConfiguration, org.springframework.boot.test.autoconfigure.web.servlet.MockMvcWebDriverAutoConfiguration]], org.springframework.boot.test.context.filter.ExcludeFilterContextCustomizer@382db087, org.springframework.boot.test.json.DuplicateJsonObjectContextCustomizerFactory$DuplicateJsonObjectContextCustomizer@5427c60c, org.springframework.boot.test.mock.mockito.MockitoContextCustomizer@0, org.springframework.boot.test.web.client.TestRestTemplateContextCustomizer@76b10754, org.springframework.boot.test.autoconfigure.properties.PropertyMappingContextCustomizer@e7e84f8, org.springframework.boot.test.autoconfigure.web.servlet.WebDriverContextCustomizerFactory$Customizer@1efee8e7], resourceBasePath = 'src/main/webapp', contextLoader = 'org.springframework.boot.test.context.SpringBootContextLoader', parent = [null]]]
2019-09-20 11:22:49.624 DEBUG 8480 --- [           main] org.springframework.test.context.cache   : Spring test ApplicationContext cache statistics: [DefaultContextCache@4052b19f size = 2, maxSize = 32, parentContextCount = 0, hitCount = 31, missCount = 2]
2019-09-20 11:22:49.624 DEBUG 8480 --- [           main] o.s.b.f.s.DefaultListableBeanFactory     : Returning cached instance of singleton bean 'org.springframework.boot.test.mock.mockito.MockitoBeans'
2019-09-20 11:22:49.624 DEBUG 8480 --- [           main] tractDirtiesContextTestExecutionListener : After test method: context [DefaultTestContext@256bb5be testClass = TrackzillaControllerTest, testInstance = com.keysoft.bucktrackerjpa.controller.TrackzillaControllerTest@5f5c187d, testMethod = updateApplication@TrackzillaControllerTest, testException = java.lang.AssertionError: expected:<201> but was:<409>, mergedContextConfiguration = [WebMergedContextConfiguration@5fef0c19 testClass = TrackzillaControllerTest, locations = '{}', classes = '{class com.keysoft.bucktrackerjpa.BucktrackerJpaApplication}', contextInitializerClasses = '[]', activeProfiles = '{}', propertySourceLocations = '{}', propertySourceProperties = '{org.springframework.boot.test.context.SpringBootTestContextBootstrapper=true}', contextCustomizers = set[[ImportsContextCustomizer@2e6d76ba key = [org.springframework.boot.test.autoconfigure.web.servlet.MockMvcAutoConfiguration, org.springframework.boot.test.autoconfigure.web.servlet.MockMvcSecurityAutoConfiguration, org.springframework.boot.test.autoconfigure.web.servlet.MockMvcWebClientAutoConfiguration, org.springframework.boot.test.autoconfigure.web.servlet.MockMvcWebDriverAutoConfiguration]], org.springframework.boot.test.context.filter.ExcludeFilterContextCustomizer@382db087, org.springframework.boot.test.json.DuplicateJsonObjectContextCustomizerFactory$DuplicateJsonObjectContextCustomizer@5427c60c, org.springframework.boot.test.mock.mockito.MockitoContextCustomizer@0, org.springframework.boot.test.web.client.TestRestTemplateContextCustomizer@76b10754, org.springframework.boot.test.autoconfigure.properties.PropertyMappingContextCustomizer@e7e84f8, org.springframework.boot.test.autoconfigure.web.servlet.WebDriverContextCustomizerFactory$Customizer@1efee8e7], resourceBasePath = 'src/main/webapp', contextLoader = 'org.springframework.boot.test.context.SpringBootContextLoader', parent = [null]], attributes = map['org.springframework.test.context.web.ServletTestExecutionListener.activateListener' -> true, 'org.springframework.test.context.web.ServletTestExecutionListener.populatedRequestContextHolder' -> true, 'org.springframework.test.context.web.ServletTestExecutionListener.resetRequestContextHolder' -> true]], class annotated with @DirtiesContext [false] with mode [null], method annotated with @DirtiesContext [false] with mode [null].
2019-09-20 11:22:49.624 DEBUG 8480 --- [           main] o.s.t.c.w.ServletTestExecutionListener   : Resetting RequestContextHolder for test context [DefaultTestContext@256bb5be testClass = TrackzillaControllerTest, testInstance = com.keysoft.bucktrackerjpa.controller.TrackzillaControllerTest@5f5c187d, testMethod = updateApplication@TrackzillaControllerTest, testException = java.lang.AssertionError: expected:<201> but was:<409>, mergedContextConfiguration = [WebMergedContextConfiguration@5fef0c19 testClass = TrackzillaControllerTest, locations = '{}', classes = '{class com.keysoft.bucktrackerjpa.BucktrackerJpaApplication}', contextInitializerClasses = '[]', activeProfiles = '{}', propertySourceLocations = '{}', propertySourceProperties = '{org.springframework.boot.test.context.SpringBootTestContextBootstrapper=true}', contextCustomizers = set[[ImportsContextCustomizer@2e6d76ba key = [org.springframework.boot.test.autoconfigure.web.servlet.MockMvcAutoConfiguration, org.springframework.boot.test.autoconfigure.web.servlet.MockMvcSecurityAutoConfiguration, org.springframework.boot.test.autoconfigure.web.servlet.MockMvcWebClientAutoConfiguration, org.springframework.boot.test.autoconfigure.web.servlet.MockMvcWebDriverAutoConfiguration]], org.springframework.boot.test.context.filter.ExcludeFilterContextCustomizer@382db087, org.springframework.boot.test.json.DuplicateJsonObjectContextCustomizerFactory$DuplicateJsonObjectContextCustomizer@5427c60c, org.springframework.boot.test.mock.mockito.MockitoContextCustomizer@0, org.springframework.boot.test.web.client.TestRestTemplateContextCustomizer@76b10754, org.springframework.boot.test.autoconfigure.properties.PropertyMappingContextCustomizer@e7e84f8, org.springframework.boot.test.autoconfigure.web.servlet.WebDriverContextCustomizerFactory$Customizer@1efee8e7], resourceBasePath = 'src/main/webapp', contextLoader = 'org.springframework.boot.test.context.SpringBootContextLoader', parent = [null]], attributes = map['org.springframework.test.context.web.ServletTestExecutionListener.activateListener' -> true, 'org.springframework.test.context.web.ServletTestExecutionListener.populatedRequestContextHolder' -> true, 'org.springframework.test.context.web.ServletTestExecutionListener.resetRequestContextHolder' -> true]].
]]></system-out>
  </testcase>
  <testcase name="deleteApplication" classname="com.keysoft.bucktrackerjpa.controller.TrackzillaControllerTest" time="0.001">
    <failure message="expected:&lt;201&gt; but was:&lt;409&gt;" type="java.lang.AssertionError"><![CDATA[java.lang.AssertionError: expected:<201> but was:<409>
	at com.keysoft.bucktrackerjpa.controller.TrackzillaControllerTest.addApplication(TrackzillaControllerTest.java:43)
	at com.keysoft.bucktrackerjpa.controller.TrackzillaControllerTest.deleteApplication(TrackzillaControllerTest.java:90)
]]></failure>
    <system-out><![CDATA[2019-09-20 11:22:49.625 DEBUG 8480 --- [           main] o.s.test.annotation.ProfileValueUtils    : Retrieved @ProfileValueSourceConfiguration [null] for test class [com.keysoft.bucktrackerjpa.controller.TrackzillaControllerTest]
2019-09-20 11:22:49.625 DEBUG 8480 --- [           main] o.s.test.annotation.ProfileValueUtils    : Retrieved ProfileValueSource type [class org.springframework.test.annotation.SystemProfileValueSource] for class [com.keysoft.bucktrackerjpa.controller.TrackzillaControllerTest]
2019-09-20 11:22:49.625 DEBUG 8480 --- [           main] c.DefaultCacheAwareContextLoaderDelegate : Retrieved ApplicationContext from cache with key [[WebMergedContextConfiguration@5fef0c19 testClass = TrackzillaControllerTest, locations = '{}', classes = '{class com.keysoft.bucktrackerjpa.BucktrackerJpaApplication}', contextInitializerClasses = '[]', activeProfiles = '{}', propertySourceLocations = '{}', propertySourceProperties = '{org.springframework.boot.test.context.SpringBootTestContextBootstrapper=true}', contextCustomizers = set[[ImportsContextCustomizer@2e6d76ba key = [org.springframework.boot.test.autoconfigure.web.servlet.MockMvcAutoConfiguration, org.springframework.boot.test.autoconfigure.web.servlet.MockMvcSecurityAutoConfiguration, org.springframework.boot.test.autoconfigure.web.servlet.MockMvcWebClientAutoConfiguration, org.springframework.boot.test.autoconfigure.web.servlet.MockMvcWebDriverAutoConfiguration]], org.springframework.boot.test.context.filter.ExcludeFilterContextCustomizer@382db087, org.springframework.boot.test.json.DuplicateJsonObjectContextCustomizerFactory$DuplicateJsonObjectContextCustomizer@5427c60c, org.springframework.boot.test.mock.mockito.MockitoContextCustomizer@0, org.springframework.boot.test.web.client.TestRestTemplateContextCustomizer@76b10754, org.springframework.boot.test.autoconfigure.properties.PropertyMappingContextCustomizer@e7e84f8, org.springframework.boot.test.autoconfigure.web.servlet.WebDriverContextCustomizerFactory$Customizer@1efee8e7], resourceBasePath = 'src/main/webapp', contextLoader = 'org.springframework.boot.test.context.SpringBootContextLoader', parent = [null]]]
2019-09-20 11:22:49.625 DEBUG 8480 --- [           main] org.springframework.test.context.cache   : Spring test ApplicationContext cache statistics: [DefaultContextCache@4052b19f size = 2, maxSize = 32, parentContextCount = 0, hitCount = 32, missCount = 2]
2019-09-20 11:22:49.625 DEBUG 8480 --- [           main] o.s.t.c.w.ServletTestExecutionListener   : Setting up MockHttpServletRequest, MockHttpServletResponse, ServletWebRequest, and RequestContextHolder for test context [DefaultTestContext@256bb5be testClass = TrackzillaControllerTest, testInstance = com.keysoft.bucktrackerjpa.controller.TrackzillaControllerTest@76b5a559, testMethod = [null], testException = [null], mergedContextConfiguration = [WebMergedContextConfiguration@5fef0c19 testClass = TrackzillaControllerTest, locations = '{}', classes = '{class com.keysoft.bucktrackerjpa.BucktrackerJpaApplication}', contextInitializerClasses = '[]', activeProfiles = '{}', propertySourceLocations = '{}', propertySourceProperties = '{org.springframework.boot.test.context.SpringBootTestContextBootstrapper=true}', contextCustomizers = set[[ImportsContextCustomizer@2e6d76ba key = [org.springframework.boot.test.autoconfigure.web.servlet.MockMvcAutoConfiguration, org.springframework.boot.test.autoconfigure.web.servlet.MockMvcSecurityAutoConfiguration, org.springframework.boot.test.autoconfigure.web.servlet.MockMvcWebClientAutoConfiguration, org.springframework.boot.test.autoconfigure.web.servlet.MockMvcWebDriverAutoConfiguration]], org.springframework.boot.test.context.filter.ExcludeFilterContextCustomizer@382db087, org.springframework.boot.test.json.DuplicateJsonObjectContextCustomizerFactory$DuplicateJsonObjectContextCustomizer@5427c60c, org.springframework.boot.test.mock.mockito.MockitoContextCustomizer@0, org.springframework.boot.test.web.client.TestRestTemplateContextCustomizer@76b10754, org.springframework.boot.test.autoconfigure.properties.PropertyMappingContextCustomizer@e7e84f8, org.springframework.boot.test.autoconfigure.web.servlet.WebDriverContextCustomizerFactory$Customizer@1efee8e7], resourceBasePath = 'src/main/webapp', contextLoader = 'org.springframework.boot.test.context.SpringBootContextLoader', parent = [null]], attributes = map['org.springframework.test.context.web.ServletTestExecutionListener.activateListener' -> true, 'org.springframework.test.context.support.DependencyInjectionTestExecutionListener.reinjectDependencies' -> true]].
2019-09-20 11:22:49.625 DEBUG 8480 --- [           main] DependencyInjectionTestExecutionListener : Performing dependency injection for test context [[DefaultTestContext@256bb5be testClass = TrackzillaControllerTest, testInstance = com.keysoft.bucktrackerjpa.controller.TrackzillaControllerTest@76b5a559, testMethod = [null], testException = [null], mergedContextConfiguration = [WebMergedContextConfiguration@5fef0c19 testClass = TrackzillaControllerTest, locations = '{}', classes = '{class com.keysoft.bucktrackerjpa.BucktrackerJpaApplication}', contextInitializerClasses = '[]', activeProfiles = '{}', propertySourceLocations = '{}', propertySourceProperties = '{org.springframework.boot.test.context.SpringBootTestContextBootstrapper=true}', contextCustomizers = set[[ImportsContextCustomizer@2e6d76ba key = [org.springframework.boot.test.autoconfigure.web.servlet.MockMvcAutoConfiguration, org.springframework.boot.test.autoconfigure.web.servlet.MockMvcSecurityAutoConfiguration, org.springframework.boot.test.autoconfigure.web.servlet.MockMvcWebClientAutoConfiguration, org.springframework.boot.test.autoconfigure.web.servlet.MockMvcWebDriverAutoConfiguration]], org.springframework.boot.test.context.filter.ExcludeFilterContextCustomizer@382db087, org.springframework.boot.test.json.DuplicateJsonObjectContextCustomizerFactory$DuplicateJsonObjectContextCustomizer@5427c60c, org.springframework.boot.test.mock.mockito.MockitoContextCustomizer@0, org.springframework.boot.test.web.client.TestRestTemplateContextCustomizer@76b10754, org.springframework.boot.test.autoconfigure.properties.PropertyMappingContextCustomizer@e7e84f8, org.springframework.boot.test.autoconfigure.web.servlet.WebDriverContextCustomizerFactory$Customizer@1efee8e7], resourceBasePath = 'src/main/webapp', contextLoader = 'org.springframework.boot.test.context.SpringBootContextLoader', parent = [null]], attributes = map['org.springframework.test.context.web.ServletTestExecutionListener.activateListener' -> true, 'org.springframework.test.context.web.ServletTestExecutionListener.populatedRequestContextHolder' -> true, 'org.springframework.test.context.web.ServletTestExecutionListener.resetRequestContextHolder' -> true, 'org.springframework.test.context.support.DependencyInjectionTestExecutionListener.reinjectDependencies' -> true]]].
2019-09-20 11:22:49.625 DEBUG 8480 --- [           main] c.DefaultCacheAwareContextLoaderDelegate : Retrieved ApplicationContext from cache with key [[WebMergedContextConfiguration@5fef0c19 testClass = TrackzillaControllerTest, locations = '{}', classes = '{class com.keysoft.bucktrackerjpa.BucktrackerJpaApplication}', contextInitializerClasses = '[]', activeProfiles = '{}', propertySourceLocations = '{}', propertySourceProperties = '{org.springframework.boot.test.context.SpringBootTestContextBootstrapper=true}', contextCustomizers = set[[ImportsContextCustomizer@2e6d76ba key = [org.springframework.boot.test.autoconfigure.web.servlet.MockMvcAutoConfiguration, org.springframework.boot.test.autoconfigure.web.servlet.MockMvcSecurityAutoConfiguration, org.springframework.boot.test.autoconfigure.web.servlet.MockMvcWebClientAutoConfiguration, org.springframework.boot.test.autoconfigure.web.servlet.MockMvcWebDriverAutoConfiguration]], org.springframework.boot.test.context.filter.ExcludeFilterContextCustomizer@382db087, org.springframework.boot.test.json.DuplicateJsonObjectContextCustomizerFactory$DuplicateJsonObjectContextCustomizer@5427c60c, org.springframework.boot.test.mock.mockito.MockitoContextCustomizer@0, org.springframework.boot.test.web.client.TestRestTemplateContextCustomizer@76b10754, org.springframework.boot.test.autoconfigure.properties.PropertyMappingContextCustomizer@e7e84f8, org.springframework.boot.test.autoconfigure.web.servlet.WebDriverContextCustomizerFactory$Customizer@1efee8e7], resourceBasePath = 'src/main/webapp', contextLoader = 'org.springframework.boot.test.context.SpringBootContextLoader', parent = [null]]]
2019-09-20 11:22:49.625 DEBUG 8480 --- [           main] org.springframework.test.context.cache   : Spring test ApplicationContext cache statistics: [DefaultContextCache@4052b19f size = 2, maxSize = 32, parentContextCount = 0, hitCount = 33, missCount = 2]
2019-09-20 11:22:49.625 DEBUG 8480 --- [           main] o.s.b.f.annotation.InjectionMetadata     : Processing injected element of bean 'com.keysoft.bucktrackerjpa.controller.TrackzillaControllerTest': AutowiredFieldElement for private org.springframework.test.web.servlet.MockMvc com.keysoft.bucktrackerjpa.controller.TrackzillaControllerTest.mockMvc
2019-09-20 11:22:49.625 DEBUG 8480 --- [           main] o.s.core.annotation.AnnotationUtils      : Failed to meta-introspect annotation interface org.springframework.beans.factory.annotation.Autowired: java.lang.NullPointerException
2019-09-20 11:22:49.625 DEBUG 8480 --- [           main] o.s.b.f.s.DefaultListableBeanFactory     : Returning cached instance of singleton bean 'mockMvc'
2019-09-20 11:22:49.626 DEBUG 8480 --- [           main] tractDirtiesContextTestExecutionListener : Before test method: context [DefaultTestContext@256bb5be testClass = TrackzillaControllerTest, testInstance = com.keysoft.bucktrackerjpa.controller.TrackzillaControllerTest@76b5a559, testMethod = deleteApplication@TrackzillaControllerTest, testException = [null], mergedContextConfiguration = [WebMergedContextConfiguration@5fef0c19 testClass = TrackzillaControllerTest, locations = '{}', classes = '{class com.keysoft.bucktrackerjpa.BucktrackerJpaApplication}', contextInitializerClasses = '[]', activeProfiles = '{}', propertySourceLocations = '{}', propertySourceProperties = '{org.springframework.boot.test.context.SpringBootTestContextBootstrapper=true}', contextCustomizers = set[[ImportsContextCustomizer@2e6d76ba key = [org.springframework.boot.test.autoconfigure.web.servlet.MockMvcAutoConfiguration, org.springframework.boot.test.autoconfigure.web.servlet.MockMvcSecurityAutoConfiguration, org.springframework.boot.test.autoconfigure.web.servlet.MockMvcWebClientAutoConfiguration, org.springframework.boot.test.autoconfigure.web.servlet.MockMvcWebDriverAutoConfiguration]], org.springframework.boot.test.context.filter.ExcludeFilterContextCustomizer@382db087, org.springframework.boot.test.json.DuplicateJsonObjectContextCustomizerFactory$DuplicateJsonObjectContextCustomizer@5427c60c, org.springframework.boot.test.mock.mockito.MockitoContextCustomizer@0, org.springframework.boot.test.web.client.TestRestTemplateContextCustomizer@76b10754, org.springframework.boot.test.autoconfigure.properties.PropertyMappingContextCustomizer@e7e84f8, org.springframework.boot.test.autoconfigure.web.servlet.WebDriverContextCustomizerFactory$Customizer@1efee8e7], resourceBasePath = 'src/main/webapp', contextLoader = 'org.springframework.boot.test.context.SpringBootContextLoader', parent = [null]], attributes = map['org.springframework.test.context.web.ServletTestExecutionListener.activateListener' -> true, 'org.springframework.test.context.web.ServletTestExecutionListener.populatedRequestContextHolder' -> true, 'org.springframework.test.context.web.ServletTestExecutionListener.resetRequestContextHolder' -> true]], class annotated with @DirtiesContext [false] with mode [null], method annotated with @DirtiesContext [false] with mode [null].
2019-09-20 11:22:49.626 DEBUG 8480 --- [           main] c.DefaultCacheAwareContextLoaderDelegate : Retrieved ApplicationContext from cache with key [[WebMergedContextConfiguration@5fef0c19 testClass = TrackzillaControllerTest, locations = '{}', classes = '{class com.keysoft.bucktrackerjpa.BucktrackerJpaApplication}', contextInitializerClasses = '[]', activeProfiles = '{}', propertySourceLocations = '{}', propertySourceProperties = '{org.springframework.boot.test.context.SpringBootTestContextBootstrapper=true}', contextCustomizers = set[[ImportsContextCustomizer@2e6d76ba key = [org.springframework.boot.test.autoconfigure.web.servlet.MockMvcAutoConfiguration, org.springframework.boot.test.autoconfigure.web.servlet.MockMvcSecurityAutoConfiguration, org.springframework.boot.test.autoconfigure.web.servlet.MockMvcWebClientAutoConfiguration, org.springframework.boot.test.autoconfigure.web.servlet.MockMvcWebDriverAutoConfiguration]], org.springframework.boot.test.context.filter.ExcludeFilterContextCustomizer@382db087, org.springframework.boot.test.json.DuplicateJsonObjectContextCustomizerFactory$DuplicateJsonObjectContextCustomizer@5427c60c, org.springframework.boot.test.mock.mockito.MockitoContextCustomizer@0, org.springframework.boot.test.web.client.TestRestTemplateContextCustomizer@76b10754, org.springframework.boot.test.autoconfigure.properties.PropertyMappingContextCustomizer@e7e84f8, org.springframework.boot.test.autoconfigure.web.servlet.WebDriverContextCustomizerFactory$Customizer@1efee8e7], resourceBasePath = 'src/main/webapp', contextLoader = 'org.springframework.boot.test.context.SpringBootContextLoader', parent = [null]]]
2019-09-20 11:22:49.626 DEBUG 8480 --- [           main] org.springframework.test.context.cache   : Spring test ApplicationContext cache statistics: [DefaultContextCache@4052b19f size = 2, maxSize = 32, parentContextCount = 0, hitCount = 34, missCount = 2]
2019-09-20 11:22:49.626 DEBUG 8480 --- [           main] o.s.b.f.s.DefaultListableBeanFactory     : Returning cached instance of singleton bean 'org.springframework.boot.test.mock.mockito.MockitoBeans'
2019-09-20 11:22:49.627 DEBUG 8480 --- [           main] o.s.b.w.s.f.OrderedRequestContextFilter  : Bound request context to thread: org.springframework.mock.web.MockHttpServletRequest@4bdb04c8
2019-09-20 11:22:49.627 DEBUG 8480 --- [           main] o.s.t.web.servlet.TestDispatcherServlet  : DispatcherServlet with name '' processing POST request for [/tza/application/]
2019-09-20 11:22:49.627 DEBUG 8480 --- [           main] s.w.s.m.m.a.RequestMappingHandlerMapping : Looking up handler method for path /tza/application/
2019-09-20 11:22:49.628 DEBUG 8480 --- [           main] s.w.s.m.m.a.RequestMappingHandlerMapping : Returning handler method [public org.springframework.http.ResponseEntity<java.lang.Void> com.keysoft.bucktrackerjpa.controller.TrackzillaController.addApplication(com.keysoft.bucktrackerjpa.entity.Application,org.springframework.web.util.UriComponentsBuilder)]
2019-09-20 11:22:49.628 DEBUG 8480 --- [           main] o.s.b.f.s.DefaultListableBeanFactory     : Returning cached instance of singleton bean 'trackzillaController'
2019-09-20 11:22:49.628 DEBUG 8480 --- [           main] o.j.s.OpenEntityManagerInViewInterceptor : Opening JPA EntityManager in OpenEntityManagerInViewInterceptor
2019-09-20 11:22:49.628 DEBUG 8480 --- [           main] m.m.a.RequestResponseBodyMethodProcessor : Read [class com.keysoft.bucktrackerjpa.entity.Application] as "application/json;charset=UTF-8" with [org.springframework.http.converter.json.MappingJackson2HttpMessageConverter@1e721583]
2019-09-20 11:22:49.628 DEBUG 8480 --- [           main] o.s.core.annotation.AnnotationUtils      : Failed to meta-introspect annotation interface org.springframework.web.bind.annotation.RequestBody: java.lang.NullPointerException
2019-09-20 11:22:49.629 DEBUG 8480 --- [           main] o.s.orm.jpa.JpaTransactionManager        : Found thread-bound EntityManager [SessionImpl(PersistenceContext[entityKeys=[],collectionKeys=[]];ActionQueue[insertions=ExecutableList{size=0} updates=ExecutableList{size=0} deletions=ExecutableList{size=0} orphanRemovals=ExecutableList{size=0} collectionCreations=ExecutableList{size=0} collectionRemovals=ExecutableList{size=0} collectionUpdates=ExecutableList{size=0} collectionQueuedOps=ExecutableList{size=0} unresolvedInsertDependencies=null])] for JPA transaction
2019-09-20 11:22:49.629 DEBUG 8480 --- [           main] o.s.orm.jpa.JpaTransactionManager        : Creating new transaction with name [com.keysoft.bucktrackerjpa.dao.ApplicationDAO.applicationExists]: PROPAGATION_REQUIRED,ISOLATION_DEFAULT
2019-09-20 11:22:49.629 DEBUG 8480 --- [           main] o.s.orm.jpa.JpaTransactionManager        : Exposing JPA transaction as JDBC transaction [org.springframework.orm.jpa.vendor.HibernateJpaDialect$HibernateConnectionHandle@3ce7394f]
Hibernate: select applicatio0_.application_id as applicat1_0_, applicatio0_.description as descript2_0_, applicatio0_.app_name as app_name3_0_, applicatio0_.owner as owner4_0_ from applications applicatio0_ where applicatio0_.app_name=? and applicatio0_.owner=?
2019-09-20 11:22:49.630 DEBUG 8480 --- [           main] o.s.orm.jpa.JpaTransactionManager        : Initiating transaction commit
2019-09-20 11:22:49.630 DEBUG 8480 --- [           main] o.s.orm.jpa.JpaTransactionManager        : Committing JPA transaction on EntityManager [SessionImpl(PersistenceContext[entityKeys=[EntityKey[com.keysoft.bucktrackerjpa.entity.Application#1]],collectionKeys=[]];ActionQueue[insertions=ExecutableList{size=0} updates=ExecutableList{size=0} deletions=ExecutableList{size=0} orphanRemovals=ExecutableList{size=0} collectionCreations=ExecutableList{size=0} collectionRemovals=ExecutableList{size=0} collectionUpdates=ExecutableList{size=0} collectionQueuedOps=ExecutableList{size=0} unresolvedInsertDependencies=null])]
2019-09-20 11:22:49.630 DEBUG 8480 --- [           main] o.s.orm.jpa.JpaTransactionManager        : Not closing pre-bound JPA EntityManager after transaction
2019-09-20 11:22:49.630 DEBUG 8480 --- [           main] o.s.t.web.servlet.TestDispatcherServlet  : Null ModelAndView returned to DispatcherServlet with name '': assuming HandlerAdapter completed request handling
2019-09-20 11:22:49.630 DEBUG 8480 --- [           main] o.j.s.OpenEntityManagerInViewInterceptor : Closing JPA EntityManager in OpenEntityManagerInViewInterceptor
2019-09-20 11:22:49.630 DEBUG 8480 --- [           main] o.s.orm.jpa.EntityManagerFactoryUtils    : Closing JPA EntityManager
2019-09-20 11:22:49.630 DEBUG 8480 --- [           main] o.s.t.web.servlet.TestDispatcherServlet  : Successfully completed request
2019-09-20 11:22:49.631 DEBUG 8480 --- [           main] o.s.b.w.s.f.OrderedRequestContextFilter  : Cleared thread-bound request context: org.springframework.mock.web.MockHttpServletRequest@4bdb04c8
2019-09-20 11:22:49.631 DEBUG 8480 --- [           main] c.DefaultCacheAwareContextLoaderDelegate : Retrieved ApplicationContext from cache with key [[WebMergedContextConfiguration@5fef0c19 testClass = TrackzillaControllerTest, locations = '{}', classes = '{class com.keysoft.bucktrackerjpa.BucktrackerJpaApplication}', contextInitializerClasses = '[]', activeProfiles = '{}', propertySourceLocations = '{}', propertySourceProperties = '{org.springframework.boot.test.context.SpringBootTestContextBootstrapper=true}', contextCustomizers = set[[ImportsContextCustomizer@2e6d76ba key = [org.springframework.boot.test.autoconfigure.web.servlet.MockMvcAutoConfiguration, org.springframework.boot.test.autoconfigure.web.servlet.MockMvcSecurityAutoConfiguration, org.springframework.boot.test.autoconfigure.web.servlet.MockMvcWebClientAutoConfiguration, org.springframework.boot.test.autoconfigure.web.servlet.MockMvcWebDriverAutoConfiguration]], org.springframework.boot.test.context.filter.ExcludeFilterContextCustomizer@382db087, org.springframework.boot.test.json.DuplicateJsonObjectContextCustomizerFactory$DuplicateJsonObjectContextCustomizer@5427c60c, org.springframework.boot.test.mock.mockito.MockitoContextCustomizer@0, org.springframework.boot.test.web.client.TestRestTemplateContextCustomizer@76b10754, org.springframework.boot.test.autoconfigure.properties.PropertyMappingContextCustomizer@e7e84f8, org.springframework.boot.test.autoconfigure.web.servlet.WebDriverContextCustomizerFactory$Customizer@1efee8e7], resourceBasePath = 'src/main/webapp', contextLoader = 'org.springframework.boot.test.context.SpringBootContextLoader', parent = [null]]]
2019-09-20 11:22:49.631 DEBUG 8480 --- [           main] org.springframework.test.context.cache   : Spring test ApplicationContext cache statistics: [DefaultContextCache@4052b19f size = 2, maxSize = 32, parentContextCount = 0, hitCount = 35, missCount = 2]
2019-09-20 11:22:49.631 DEBUG 8480 --- [           main] c.DefaultCacheAwareContextLoaderDelegate : Retrieved ApplicationContext from cache with key [[WebMergedContextConfiguration@5fef0c19 testClass = TrackzillaControllerTest, locations = '{}', classes = '{class com.keysoft.bucktrackerjpa.BucktrackerJpaApplication}', contextInitializerClasses = '[]', activeProfiles = '{}', propertySourceLocations = '{}', propertySourceProperties = '{org.springframework.boot.test.context.SpringBootTestContextBootstrapper=true}', contextCustomizers = set[[ImportsContextCustomizer@2e6d76ba key = [org.springframework.boot.test.autoconfigure.web.servlet.MockMvcAutoConfiguration, org.springframework.boot.test.autoconfigure.web.servlet.MockMvcSecurityAutoConfiguration, org.springframework.boot.test.autoconfigure.web.servlet.MockMvcWebClientAutoConfiguration, org.springframework.boot.test.autoconfigure.web.servlet.MockMvcWebDriverAutoConfiguration]], org.springframework.boot.test.context.filter.ExcludeFilterContextCustomizer@382db087, org.springframework.boot.test.json.DuplicateJsonObjectContextCustomizerFactory$DuplicateJsonObjectContextCustomizer@5427c60c, org.springframework.boot.test.mock.mockito.MockitoContextCustomizer@0, org.springframework.boot.test.web.client.TestRestTemplateContextCustomizer@76b10754, org.springframework.boot.test.autoconfigure.properties.PropertyMappingContextCustomizer@e7e84f8, org.springframework.boot.test.autoconfigure.web.servlet.WebDriverContextCustomizerFactory$Customizer@1efee8e7], resourceBasePath = 'src/main/webapp', contextLoader = 'org.springframework.boot.test.context.SpringBootContextLoader', parent = [null]]]
2019-09-20 11:22:49.631 DEBUG 8480 --- [           main] org.springframework.test.context.cache   : Spring test ApplicationContext cache statistics: [DefaultContextCache@4052b19f size = 2, maxSize = 32, parentContextCount = 0, hitCount = 36, missCount = 2]
2019-09-20 11:22:49.631 DEBUG 8480 --- [           main] o.s.b.f.s.DefaultListableBeanFactory     : Returning cached instance of singleton bean 'org.springframework.boot.test.autoconfigure.web.servlet.SpringBootMockMvcBuilderCustomizer$DeferredLinesWriter'

MockHttpServletRequest:
      HTTP Method = POST
      Request URI = /tza/application/
       Parameters = {}
          Headers = {Content-Type=[application/json;charset=UTF-8], Accept=[application/json]}
             Body = {"name":"Test Application","description":"A test application.","owner":"Kesha Williams"}
    Session Attrs = {}

Handler:
             Type = com.keysoft.bucktrackerjpa.controller.TrackzillaController
           Method = public org.springframework.http.ResponseEntity<java.lang.Void> com.keysoft.bucktrackerjpa.controller.TrackzillaController.addApplication(com.keysoft.bucktrackerjpa.entity.Application,org.springframework.web.util.UriComponentsBuilder)

Async:
    Async started = false
     Async result = null

Resolved Exception:
             Type = null

ModelAndView:
        View name = null
             View = null
            Model = null

FlashMap:
       Attributes = null

MockHttpServletResponse:
           Status = 201
    Error message = null
          Headers = {Location=[http://localhost/application/1]}
     Content type = null
             Body = 
    Forwarded URL = null
   Redirected URL = http://localhost/application/1
          Cookies = []

MockHttpServletRequest:
      HTTP Method = POST
      Request URI = /tza/application/
       Parameters = {}
          Headers = {Content-Type=[application/json;charset=UTF-8], Accept=[application/json]}
             Body = {"name":"Test Application","description":"A test application.","owner":"Kesha Williams"}
    Session Attrs = {}

Handler:
             Type = com.keysoft.bucktrackerjpa.controller.TrackzillaController
           Method = public org.springframework.http.ResponseEntity<java.lang.Void> com.keysoft.bucktrackerjpa.controller.TrackzillaController.addApplication(com.keysoft.bucktrackerjpa.entity.Application,org.springframework.web.util.UriComponentsBuilder)

Async:
    Async started = false
     Async result = null

Resolved Exception:
             Type = null

ModelAndView:
        View name = null
             View = null
            Model = null

FlashMap:
       Attributes = null

MockHttpServletResponse:
           Status = 409
    Error message = null
          Headers = {}
     Content type = null
             Body = 
    Forwarded URL = null
   Redirected URL = null
          Cookies = []

MockHttpServletRequest:
      HTTP Method = POST
      Request URI = /tza/application/
       Parameters = {}
          Headers = {Content-Type=[application/json;charset=UTF-8], Accept=[application/json]}
             Body = {"name":"Test Application","description":"A test application.","owner":"Kesha Williams"}
    Session Attrs = {}

Handler:
             Type = com.keysoft.bucktrackerjpa.controller.TrackzillaController
           Method = public org.springframework.http.ResponseEntity<java.lang.Void> com.keysoft.bucktrackerjpa.controller.TrackzillaController.addApplication(com.keysoft.bucktrackerjpa.entity.Application,org.springframework.web.util.UriComponentsBuilder)

Async:
    Async started = false
     Async result = null

Resolved Exception:
             Type = null

ModelAndView:
        View name = null
             View = null
            Model = null

FlashMap:
       Attributes = null

MockHttpServletResponse:
           Status = 409
    Error message = null
          Headers = {}
     Content type = null
             Body = 
    Forwarded URL = null
   Redirected URL = null
          Cookies = []

MockHttpServletRequest:
      HTTP Method = POST
      Request URI = /tza/application/
       Parameters = {}
          Headers = {Content-Type=[application/json;charset=UTF-8], Accept=[application/json]}
             Body = {"name":"Test Application","description":"A test application.","owner":"Kesha Williams"}
    Session Attrs = {}

Handler:
             Type = com.keysoft.bucktrackerjpa.controller.TrackzillaController
           Method = public org.springframework.http.ResponseEntity<java.lang.Void> com.keysoft.bucktrackerjpa.controller.TrackzillaController.addApplication(com.keysoft.bucktrackerjpa.entity.Application,org.springframework.web.util.UriComponentsBuilder)

Async:
    Async started = false
     Async result = null

Resolved Exception:
             Type = null

ModelAndView:
        View name = null
             View = null
            Model = null

FlashMap:
       Attributes = null

MockHttpServletResponse:
           Status = 409
    Error message = null
          Headers = {}
     Content type = null
             Body = 
    Forwarded URL = null
   Redirected URL = null
          Cookies = []

MockHttpServletRequest:
      HTTP Method = POST
      Request URI = /tza/application/
       Parameters = {}
          Headers = {Content-Type=[application/json;charset=UTF-8], Accept=[application/json]}
             Body = {"name":"Test Application","description":"A test application.","owner":"Kesha Williams"}
    Session Attrs = {}

Handler:
             Type = com.keysoft.bucktrackerjpa.controller.TrackzillaController
           Method = public org.springframework.http.ResponseEntity<java.lang.Void> com.keysoft.bucktrackerjpa.controller.TrackzillaController.addApplication(com.keysoft.bucktrackerjpa.entity.Application,org.springframework.web.util.UriComponentsBuilder)

Async:
    Async started = false
     Async result = null

Resolved Exception:
             Type = null

ModelAndView:
        View name = null
             View = null
            Model = null

FlashMap:
       Attributes = null

MockHttpServletResponse:
           Status = 409
    Error message = null
          Headers = {}
     Content type = null
             Body = 
    Forwarded URL = null
   Redirected URL = null
          Cookies = []
2019-09-20 11:22:49.632 DEBUG 8480 --- [           main] c.DefaultCacheAwareContextLoaderDelegate : Retrieved ApplicationContext from cache with key [[WebMergedContextConfiguration@5fef0c19 testClass = TrackzillaControllerTest, locations = '{}', classes = '{class com.keysoft.bucktrackerjpa.BucktrackerJpaApplication}', contextInitializerClasses = '[]', activeProfiles = '{}', propertySourceLocations = '{}', propertySourceProperties = '{org.springframework.boot.test.context.SpringBootTestContextBootstrapper=true}', contextCustomizers = set[[ImportsContextCustomizer@2e6d76ba key = [org.springframework.boot.test.autoconfigure.web.servlet.MockMvcAutoConfiguration, org.springframework.boot.test.autoconfigure.web.servlet.MockMvcSecurityAutoConfiguration, org.springframework.boot.test.autoconfigure.web.servlet.MockMvcWebClientAutoConfiguration, org.springframework.boot.test.autoconfigure.web.servlet.MockMvcWebDriverAutoConfiguration]], org.springframework.boot.test.context.filter.ExcludeFilterContextCustomizer@382db087, org.springframework.boot.test.json.DuplicateJsonObjectContextCustomizerFactory$DuplicateJsonObjectContextCustomizer@5427c60c, org.springframework.boot.test.mock.mockito.MockitoContextCustomizer@0, org.springframework.boot.test.web.client.TestRestTemplateContextCustomizer@76b10754, org.springframework.boot.test.autoconfigure.properties.PropertyMappingContextCustomizer@e7e84f8, org.springframework.boot.test.autoconfigure.web.servlet.WebDriverContextCustomizerFactory$Customizer@1efee8e7], resourceBasePath = 'src/main/webapp', contextLoader = 'org.springframework.boot.test.context.SpringBootContextLoader', parent = [null]]]
2019-09-20 11:22:49.632 DEBUG 8480 --- [           main] org.springframework.test.context.cache   : Spring test ApplicationContext cache statistics: [DefaultContextCache@4052b19f size = 2, maxSize = 32, parentContextCount = 0, hitCount = 37, missCount = 2]
2019-09-20 11:22:49.634 DEBUG 8480 --- [           main] c.DefaultCacheAwareContextLoaderDelegate : Retrieved ApplicationContext from cache with key [[WebMergedContextConfiguration@5fef0c19 testClass = TrackzillaControllerTest, locations = '{}', classes = '{class com.keysoft.bucktrackerjpa.BucktrackerJpaApplication}', contextInitializerClasses = '[]', activeProfiles = '{}', propertySourceLocations = '{}', propertySourceProperties = '{org.springframework.boot.test.context.SpringBootTestContextBootstrapper=true}', contextCustomizers = set[[ImportsContextCustomizer@2e6d76ba key = [org.springframework.boot.test.autoconfigure.web.servlet.MockMvcAutoConfiguration, org.springframework.boot.test.autoconfigure.web.servlet.MockMvcSecurityAutoConfiguration, org.springframework.boot.test.autoconfigure.web.servlet.MockMvcWebClientAutoConfiguration, org.springframework.boot.test.autoconfigure.web.servlet.MockMvcWebDriverAutoConfiguration]], org.springframework.boot.test.context.filter.ExcludeFilterContextCustomizer@382db087, org.springframework.boot.test.json.DuplicateJsonObjectContextCustomizerFactory$DuplicateJsonObjectContextCustomizer@5427c60c, org.springframework.boot.test.mock.mockito.MockitoContextCustomizer@0, org.springframework.boot.test.web.client.TestRestTemplateContextCustomizer@76b10754, org.springframework.boot.test.autoconfigure.properties.PropertyMappingContextCustomizer@e7e84f8, org.springframework.boot.test.autoconfigure.web.servlet.WebDriverContextCustomizerFactory$Customizer@1efee8e7], resourceBasePath = 'src/main/webapp', contextLoader = 'org.springframework.boot.test.context.SpringBootContextLoader', parent = [null]]]
2019-09-20 11:22:49.634 DEBUG 8480 --- [           main] org.springframework.test.context.cache   : Spring test ApplicationContext cache statistics: [DefaultContextCache@4052b19f size = 2, maxSize = 32, parentContextCount = 0, hitCount = 38, missCount = 2]
2019-09-20 11:22:49.634 DEBUG 8480 --- [           main] o.s.b.f.s.DefaultListableBeanFactory     : Returning cached instance of singleton bean 'org.springframework.boot.test.mock.mockito.MockitoBeans'
2019-09-20 11:22:49.634 DEBUG 8480 --- [           main] tractDirtiesContextTestExecutionListener : After test method: context [DefaultTestContext@256bb5be testClass = TrackzillaControllerTest, testInstance = com.keysoft.bucktrackerjpa.controller.TrackzillaControllerTest@76b5a559, testMethod = deleteApplication@TrackzillaControllerTest, testException = java.lang.AssertionError: expected:<201> but was:<409>, mergedContextConfiguration = [WebMergedContextConfiguration@5fef0c19 testClass = TrackzillaControllerTest, locations = '{}', classes = '{class com.keysoft.bucktrackerjpa.BucktrackerJpaApplication}', contextInitializerClasses = '[]', activeProfiles = '{}', propertySourceLocations = '{}', propertySourceProperties = '{org.springframework.boot.test.context.SpringBootTestContextBootstrapper=true}', contextCustomizers = set[[ImportsContextCustomizer@2e6d76ba key = [org.springframework.boot.test.autoconfigure.web.servlet.MockMvcAutoConfiguration, org.springframework.boot.test.autoconfigure.web.servlet.MockMvcSecurityAutoConfiguration, org.springframework.boot.test.autoconfigure.web.servlet.MockMvcWebClientAutoConfiguration, org.springframework.boot.test.autoconfigure.web.servlet.MockMvcWebDriverAutoConfiguration]], org.springframework.boot.test.context.filter.ExcludeFilterContextCustomizer@382db087, org.springframework.boot.test.json.DuplicateJsonObjectContextCustomizerFactory$DuplicateJsonObjectContextCustomizer@5427c60c, org.springframework.boot.test.mock.mockito.MockitoContextCustomizer@0, org.springframework.boot.test.web.client.TestRestTemplateContextCustomizer@76b10754, org.springframework.boot.test.autoconfigure.properties.PropertyMappingContextCustomizer@e7e84f8, org.springframework.boot.test.autoconfigure.web.servlet.WebDriverContextCustomizerFactory$Customizer@1efee8e7], resourceBasePath = 'src/main/webapp', contextLoader = 'org.springframework.boot.test.context.SpringBootContextLoader', parent = [null]], attributes = map['org.springframework.test.context.web.ServletTestExecutionListener.activateListener' -> true, 'org.springframework.test.context.web.ServletTestExecutionListener.populatedRequestContextHolder' -> true, 'org.springframework.test.context.web.ServletTestExecutionListener.resetRequestContextHolder' -> true]], class annotated with @DirtiesContext [false] with mode [null], method annotated with @DirtiesContext [false] with mode [null].
2019-09-20 11:22:49.634 DEBUG 8480 --- [           main] o.s.t.c.w.ServletTestExecutionListener   : Resetting RequestContextHolder for test context [DefaultTestContext@256bb5be testClass = TrackzillaControllerTest, testInstance = com.keysoft.bucktrackerjpa.controller.TrackzillaControllerTest@76b5a559, testMethod = deleteApplication@TrackzillaControllerTest, testException = java.lang.AssertionError: expected:<201> but was:<409>, mergedContextConfiguration = [WebMergedContextConfiguration@5fef0c19 testClass = TrackzillaControllerTest, locations = '{}', classes = '{class com.keysoft.bucktrackerjpa.BucktrackerJpaApplication}', contextInitializerClasses = '[]', activeProfiles = '{}', propertySourceLocations = '{}', propertySourceProperties = '{org.springframework.boot.test.context.SpringBootTestContextBootstrapper=true}', contextCustomizers = set[[ImportsContextCustomizer@2e6d76ba key = [org.springframework.boot.test.autoconfigure.web.servlet.MockMvcAutoConfiguration, org.springframework.boot.test.autoconfigure.web.servlet.MockMvcSecurityAutoConfiguration, org.springframework.boot.test.autoconfigure.web.servlet.MockMvcWebClientAutoConfiguration, org.springframework.boot.test.autoconfigure.web.servlet.MockMvcWebDriverAutoConfiguration]], org.springframework.boot.test.context.filter.ExcludeFilterContextCustomizer@382db087, org.springframework.boot.test.json.DuplicateJsonObjectContextCustomizerFactory$DuplicateJsonObjectContextCustomizer@5427c60c, org.springframework.boot.test.mock.mockito.MockitoContextCustomizer@0, org.springframework.boot.test.web.client.TestRestTemplateContextCustomizer@76b10754, org.springframework.boot.test.autoconfigure.properties.PropertyMappingContextCustomizer@e7e84f8, org.springframework.boot.test.autoconfigure.web.servlet.WebDriverContextCustomizerFactory$Customizer@1efee8e7], resourceBasePath = 'src/main/webapp', contextLoader = 'org.springframework.boot.test.context.SpringBootContextLoader', parent = [null]], attributes = map['org.springframework.test.context.web.ServletTestExecutionListener.activateListener' -> true, 'org.springframework.test.context.web.ServletTestExecutionListener.populatedRequestContextHolder' -> true, 'org.springframework.test.context.web.ServletTestExecutionListener.resetRequestContextHolder' -> true]].
]]></system-out>
  </testcase>
</testsuite>